<?xml version="1.0" encoding="UTF-8"?>
<coverage generated="1761138411539" clover="3.2.0">
  <project timestamp="1761138411540" name="All files">
    <metrics statements="57" coveredstatements="50" conditionals="32" coveredconditionals="18" methods="17" coveredmethods="7" elements="106" coveredelements="75" complexity="0" loc="57" ncloc="57" packages="2" files="2" classes="2"/>
    <package name="components">
      <metrics statements="42" coveredstatements="35" conditionals="16" coveredconditionals="2" methods="14" coveredmethods="4"/>
      <file name="HierarchyGraph.vue" path="C:\Users\TEJAS\Desktop\work\graph-visualizer\hierarchical-graph-app\client\src\components\HierarchyGraph.vue">
        <metrics statements="42" coveredstatements="35" conditionals="16" coveredconditionals="2" methods="14" coveredmethods="4"/>
        <line num="4" count="2" type="stmt"/>
        <line num="7" count="2" type="stmt"/>
        <line num="15" count="2" type="stmt"/>
        <line num="18" count="0" type="stmt"/>
        <line num="25" count="0" type="stmt"/>
        <line num="29" count="1" type="stmt"/>
        <line num="30" count="1" type="stmt"/>
        <line num="31" count="1" type="cond" truecount="1" falsecount="1"/>
        <line num="32" count="1" type="stmt"/>
        <line num="33" count="1" type="cond" truecount="1" falsecount="1"/>
        <line num="34" count="1" type="stmt"/>
        <line num="41" count="1" type="stmt"/>
        <line num="43" count="0" type="stmt"/>
        <line num="47" count="1" type="stmt"/>
        <line num="48" count="1" type="stmt"/>
        <line num="51" count="4" type="stmt"/>
        <line num="52" count="4" type="stmt"/>
        <line num="53" count="4" type="stmt"/>
        <line num="54" count="4" type="stmt"/>
        <line num="55" count="4" type="stmt"/>
        <line num="56" count="4" type="stmt"/>
        <line num="57" count="4" type="stmt"/>
        <line num="58" count="4" type="stmt"/>
        <line num="61" count="4" type="stmt"/>
        <line num="62" count="4" type="stmt"/>
        <line num="65" count="4" type="stmt"/>
        <line num="66" count="4" type="cond" truecount="0" falsecount="6"/>
        <line num="67" count="1" type="stmt"/>
        <line num="68" count="1" type="stmt"/>
        <line num="70" count="4" type="stmt"/>
        <line num="71" count="0" type="stmt"/>
        <line num="72" count="0" type="stmt"/>
        <line num="77" count="2" type="stmt"/>
        <line num="79" count="2" type="stmt"/>
        <line num="82" count="2" type="stmt"/>
        <line num="83" count="2" type="stmt"/>
        <line num="84" count="2" type="stmt"/>
        <line num="89" count="2" type="stmt"/>
        <line num="93" count="2" type="stmt"/>
        <line num="104" count="0" type="cond" truecount="0" falsecount="2"/>
        <line num="106" count="0" type="cond" truecount="0" falsecount="2"/>
        <line num="109" count="2" type="stmt"/>
      </file>
    </package>
    <package name="utils">
      <metrics statements="15" coveredstatements="15" conditionals="16" coveredconditionals="16" methods="3" coveredmethods="3"/>
      <file name="hierarchy.js" path="C:\Users\TEJAS\Desktop\work\graph-visualizer\hierarchical-graph-app\client\src\utils\hierarchy.js">
        <metrics statements="15" coveredstatements="15" conditionals="16" coveredconditionals="16" methods="3" coveredmethods="3"/>
        <line num="7" count="6" type="cond" truecount="4" falsecount="0"/>
        <line num="8" count="1" type="stmt"/>
        <line num="11" count="5" type="stmt"/>
        <line num="12" count="5" type="stmt"/>
        <line num="13" count="20" type="cond" truecount="4" falsecount="0"/>
        <line num="16" count="5" type="stmt"/>
        <line num="17" count="5" type="stmt"/>
        <line num="18" count="20" type="stmt"/>
        <line num="19" count="20" type="cond" truecount="4" falsecount="0"/>
        <line num="20" count="15" type="stmt"/>
        <line num="21" count="15" type="cond" truecount="2" falsecount="0"/>
        <line num="22" count="1" type="stmt"/>
        <line num="24" count="5" type="stmt"/>
        <line num="28" count="5" type="cond" truecount="2" falsecount="0"/>
        <line num="29" count="1" type="stmt"/>
      </file>
    </package>
  </project>
</coverage>
