{"C:\\Users\\TEJAS\\Desktop\\work\\graph-visualizer\\hierarchical-graph-app\\client\\src\\components\\HierarchyGraph.vue": {"path":"C:\\Users\\TEJAS\\Desktop\\work\\graph-visualizer\\hierarchical-graph-app\\client\\src\\components\\HierarchyGraph.vue","statementMap":{"0":{"start":{"line":4,"column":0},"end":{"line":6,"column":3}},"1":{"start":{"line":7,"column":0},"end":{"line":7,"column":25}},"2":{"start":{"line":15,"column":15},"end":{"line":76,"column":1}},"3":{"start":{"line":18,"column":4},"end":{"line":22,"column":6}},"4":{"start":{"line":25,"column":4},"end":{"line":25,"column":26}},"5":{"start":{"line":29,"column":6},"end":{"line":44,"column":7}},"6":{"start":{"line":30,"column":20},"end":{"line":30,"column":65}},"7":{"start":{"line":31,"column":8},"end":{"line":31,"column":59}},"8":{"start":{"line":31,"column":21},"end":{"line":31,"column":59}},"9":{"start":{"line":32,"column":21},"end":{"line":32,"column":37}},"10":{"start":{"line":33,"column":8},"end":{"line":33,"column":41}},"11":{"start":{"line":34,"column":8},"end":{"line":40,"column":40}},"12":{"start":{"line":41,"column":8},"end":{"line":41,"column":27}},"13":{"start":{"line":43,"column":8},"end":{"line":43,"column":57}},"14":{"start":{"line":47,"column":6},"end":{"line":47,"column":31}},"15":{"start":{"line":48,"column":6},"end":{"line":48,"column":25}},"16":{"start":{"line":51,"column":20},"end":{"line":51,"column":23}},"17":{"start":{"line":52,"column":21},"end":{"line":52,"column":24}},"18":{"start":{"line":53,"column":24},"end":{"line":53,"column":60}},"19":{"start":{"line":54,"column":6},"end":{"line":54,"column":40}},"20":{"start":{"line":55,"column":18},"end":{"line":55,"column":135}},"21":{"start":{"line":56,"column":19},"end":{"line":56,"column":51}},"22":{"start":{"line":57,"column":25},"end":{"line":57,"column":67}},"23":{"start":{"line":58,"column":6},"end":{"line":58,"column":23}},"24":{"start":{"line":61,"column":6},"end":{"line":61,"column":196}},"25":{"start":{"line":61,"column":134},"end":{"line":61,"column":137}},"26":{"start":{"line":61,"column":146},"end":{"line":61,"column":149}},"27":{"start":{"line":62,"column":17},"end":{"line":62,"column":21}},"28":{"start":{"line":65,"column":19},"end":{"line":65,"column":187}},"29":{"start":{"line":65,"column":133},"end":{"line":65,"column":159}},"30":{"start":{"line":66,"column":6},"end":{"line":69,"column":9}},"31":{"start":{"line":66,"column":59},"end":{"line":66,"column":157}},"32":{"start":{"line":67,"column":8},"end":{"line":67,"column":33}},"33":{"start":{"line":68,"column":8},"end":{"line":68,"column":25}},"34":{"start":{"line":70,"column":6},"end":{"line":73,"column":9}},"35":{"start":{"line":70,"column":65},"end":{"line":70,"column":76}},"36":{"start":{"line":71,"column":8},"end":{"line":71,"column":33}},"37":{"start":{"line":72,"column":8},"end":{"line":72,"column":25}},"38":{"start":{"line":77,"column":0},"end":{"line":77,"column":13}},"39":{"start":{"line":79,"column":0},"end":{"line":81,"column":3}},"40":{"start":{"line":82,"column":0},"end":{"line":82,"column":24}},"41":{"start":{"line":83,"column":11},"end":{"line":83,"column":25}},"42":{"start":{"line":84,"column":17},"end":{"line":88,"column":1}},"43":{"start":{"line":89,"column":17},"end":{"line":92,"column":1}},"44":{"start":{"line":93,"column":17},"end":{"line":102,"column":1}},"45":{"start":{"line":104,"column":2},"end":{"line":108,"column":67}},"46":{"start":{"line":106,"column":6},"end":{"line":106,"column":67}},"47":{"start":{"line":109,"column":2},"end":{"line":109,"column":49}}},"fnMap":{"0":{"name":"(anonymous_0)","decl":{"start":{"line":17,"column":2},"end":{"line":17,"column":3}},"loc":{"start":{"line":17,"column":9},"end":{"line":23,"column":3}},"line":17},"1":{"name":"(anonymous_1)","decl":{"start":{"line":24,"column":2},"end":{"line":24,"column":3}},"loc":{"start":{"line":24,"column":12},"end":{"line":26,"column":3}},"line":24},"2":{"name":"(anonymous_2)","decl":{"start":{"line":28,"column":4},"end":{"line":28,"column":5}},"loc":{"start":{"line":28,"column":27},"end":{"line":45,"column":5}},"line":28},"3":{"name":"(anonymous_3)","decl":{"start":{"line":46,"column":4},"end":{"line":46,"column":5}},"loc":{"start":{"line":46,"column":15},"end":{"line":49,"column":5}},"line":46},"4":{"name":"(anonymous_4)","decl":{"start":{"line":50,"column":4},"end":{"line":50,"column":5}},"loc":{"start":{"line":50,"column":18},"end":{"line":74,"column":5}},"line":50},"5":{"name":"(anonymous_5)","decl":{"start":{"line":61,"column":129},"end":{"line":61,"column":130}},"loc":{"start":{"line":61,"column":134},"end":{"line":61,"column":137}},"line":61},"6":{"name":"(anonymous_6)","decl":{"start":{"line":61,"column":141},"end":{"line":61,"column":142}},"loc":{"start":{"line":61,"column":146},"end":{"line":61,"column":149}},"line":61},"7":{"name":"(anonymous_7)","decl":{"start":{"line":65,"column":128},"end":{"line":65,"column":129}},"loc":{"start":{"line":65,"column":133},"end":{"line":65,"column":159}},"line":65},"8":{"name":"(anonymous_8)","decl":{"start":{"line":66,"column":54},"end":{"line":66,"column":55}},"loc":{"start":{"line":66,"column":59},"end":{"line":66,"column":157}},"line":66},"9":{"name":"(anonymous_9)","decl":{"start":{"line":66,"column":171},"end":{"line":66,"column":172}},"loc":{"start":{"line":66,"column":191},"end":{"line":69,"column":7}},"line":66},"10":{"name":"(anonymous_10)","decl":{"start":{"line":70,"column":60},"end":{"line":70,"column":61}},"loc":{"start":{"line":70,"column":65},"end":{"line":70,"column":76}},"line":70},"11":{"name":"(anonymous_11)","decl":{"start":{"line":70,"column":90},"end":{"line":70,"column":91}},"loc":{"start":{"line":70,"column":110},"end":{"line":73,"column":7}},"line":70},"12":{"name":"render","decl":{"start":{"line":103,"column":9},"end":{"line":103,"column":15}},"loc":{"start":{"line":103,"column":30},"end":{"line":109,"column":1}},"line":103},"13":{"name":"(anonymous_13)","decl":{"start":{"line":105,"column":39},"end":{"line":105,"column":40}},"loc":{"start":{"line":105,"column":51},"end":{"line":107,"column":5}},"line":105}},"branchMap":{"0":{"loc":{"start":{"line":31,"column":8},"end":{"line":31,"column":59}},"type":"if","locations":[{"start":{"line":31,"column":8},"end":{"line":31,"column":59}},{"start":{},"end":{}}],"line":31},"1":{"loc":{"start":{"line":33,"column":25},"end":{"line":33,"column":40}},"type":"binary-expr","locations":[{"start":{"line":33,"column":25},"end":{"line":33,"column":34}},{"start":{"line":33,"column":38},"end":{"line":33,"column":40}}],"line":33},"2":{"loc":{"start":{"line":66,"column":59},"end":{"line":66,"column":157}},"type":"cond-expr","locations":[{"start":{"line":66,"column":117},"end":{"line":66,"column":126}},{"start":{"line":66,"column":129},"end":{"line":66,"column":157}}],"line":66},"3":{"loc":{"start":{"line":66,"column":59},"end":{"line":66,"column":114}},"type":"binary-expr","locations":[{"start":{"line":66,"column":59},"end":{"line":66,"column":74}},{"start":{"line":66,"column":78},"end":{"line":66,"column":114}}],"line":66},"4":{"loc":{"start":{"line":66,"column":129},"end":{"line":66,"column":157}},"type":"cond-expr","locations":[{"start":{"line":66,"column":142},"end":{"line":66,"column":148}},{"start":{"line":66,"column":151},"end":{"line":66,"column":157}}],"line":66},"5":{"loc":{"start":{"line":104,"column":158},"end":{"line":108,"column":64}},"type":"cond-expr","locations":[{"start":{"line":104,"column":179},"end":{"line":108,"column":18}},{"start":{"line":108,"column":22},"end":{"line":108,"column":64}}],"line":104},"6":{"loc":{"start":{"line":105,"column":13},"end":{"line":107,"column":6}},"type":"binary-expr","locations":[{"start":{"line":105,"column":13},"end":{"line":105,"column":22}},{"start":{"line":105,"column":27},"end":{"line":107,"column":5}}],"line":105},"7":{"loc":{"start":{"line":106,"column":13},"end":{"line":106,"column":66}},"type":"binary-expr","locations":[{"start":{"line":106,"column":13},"end":{"line":106,"column":26}},{"start":{"line":106,"column":30},"end":{"line":106,"column":66}}],"line":106}},"s":{"0":3,"1":3,"2":3,"3":0,"4":0,"5":4,"6":4,"7":3,"8":1,"9":2,"10":2,"11":2,"12":2,"13":2,"14":4,"15":4,"16":9,"17":9,"18":9,"19":9,"20":9,"21":9,"22":9,"23":9,"24":9,"25":0,"26":0,"27":9,"28":9,"29":0,"30":9,"31":0,"32":1,"33":1,"34":9,"35":0,"36":0,"37":0,"38":3,"39":3,"40":3,"41":3,"42":3,"43":3,"44":3,"45":0,"46":0,"47":3},"f":{"0":0,"1":0,"2":4,"3":4,"4":9,"5":0,"6":0,"7":0,"8":0,"9":1,"10":0,"11":0,"12":0,"13":0},"b":{"0":[1,2],"1":[2,0],"2":[0,0],"3":[0,0],"4":[0,0],"5":[0,0],"6":[0,0],"7":[0,0]},"inputSourceMap":{"0":"{","1":"\"","2":"v","3":"e","4":"r","5":"s","6":"i","7":"o","8":"n","9":"\"","10":":","11":"3","12":",","13":"\"","14":"s","15":"o","16":"u","17":"r","18":"c","19":"e","20":"s","21":"\"","22":":","23":"[","24":"\"","25":"C","26":":","27":"\\","28":"\\","29":"U","30":"s","31":"e","32":"r","33":"s","34":"\\","35":"\\","36":"T","37":"E","38":"J","39":"A","40":"S","41":"\\","42":"\\","43":"D","44":"e","45":"s","46":"k","47":"t","48":"o","49":"p","50":"\\","51":"\\","52":"w","53":"o","54":"r","55":"k","56":"\\","57":"\\","58":"g","59":"r","60":"a","61":"p","62":"h","63":"-","64":"v","65":"i","66":"s","67":"u","68":"a","69":"l","70":"i","71":"z","72":"e","73":"r","74":"\\","75":"\\","76":"h","77":"i","78":"e","79":"r","80":"a","81":"r","82":"c","83":"h","84":"i","85":"c","86":"a","87":"l","88":"-","89":"g","90":"r","91":"a","92":"p","93":"h","94":"-","95":"a","96":"p","97":"p","98":"\\","99":"\\","100":"c","101":"l","102":"i","103":"e","104":"n","105":"t","106":"\\","107":"\\","108":"s","109":"r","110":"c","111":"\\","112":"\\","113":"c","114":"o","115":"m","116":"p","117":"o","118":"n","119":"e","120":"n","121":"t","122":"s","123":"\\","124":"\\","125":"H","126":"i","127":"e","128":"r","129":"a","130":"r","131":"c","132":"h","133":"y","134":"G","135":"r","136":"a","137":"p","138":"h","139":".","140":"v","141":"u","142":"e","143":"\"","144":"]","145":",","146":"\"","147":"n","148":"a","149":"m","150":"e","151":"s","152":"\"","153":":","154":"[","155":"]","156":",","157":"\"","158":"m","159":"a","160":"p","161":"p","162":"i","163":"n","164":"g","165":"s","166":"\"","167":":","168":"\"","169":";","170":";","171":";","172":";","173":";","174":";","175":";","176":"A","177":"A","178":"Y","179":"A","180":";","181":"A","182":"A","183":"A","184":"A","185":";","186":"A","187":"A","188":"A","189":"A","190":";","191":"A","192":"A","193":"C","194":"A","195":";","196":"A","197":"A","198":"A","199":"A","200":";","201":"A","202":"A","203":"A","204":"A","205":";","206":"A","207":"A","208":"A","209":"o","210":"D","211":";","212":"A","213":"A","214":"A","215":"A","216":",","217":"i","218":"C","219":"A","220":"E","221":"r","222":"C","223":";","224":"E","225":"A","226":"C","227":"b","228":",","229":"I","230":"A","231":"A","232":"I","233":",","234":"E","235":"A","236":"A","237":"E","238":",","239":"g","240":"B","241":"A","242":"A","243":"g","244":"B","245":";","246":"E","247":"A","248":"C","249":"t","250":"B","251":",","252":"I","253":"A","254":"A","255":"I","256":",","257":"G","258":"A","259":"A","260":"G","261":";","262":"I","263":"A","264":"C","265":"L","266":",","267":"O","268":"A","269":"A","270":"O","271":";","272":"M","273":"A","274":"C","275":"L","276":",","277":"S","278":"A","279":"A","280":"S","281":",","282":"E","283":"A","284":"A","285":"E","286":",","287":"I","288":"A","289":"A","290":"I","291":";","292":"M","293":"A","294":"C","295":"f","296":",","297":"a","298":"A","299":"A","300":"a","301":",","302":"E","303":"A","304":"A","305":"E","306":",","307":"I","308":"A","309":"A","310":"I","311":";","312":"M","313":"A","314":"C","315":"n","316":"B","317":",","318":"Y","319":"A","320":"A","321":"Y","322":",","323":"E","324":"A","325":"A","326":"E","327":";","328":"I","329":"A","330":"C","331":"h","332":"B","333":",","334":"C","335":"A","336":"A","337":"C","338":";","339":"E","340":"A","341":"C","342":"H","343":",","344":"C","345":"A","346":"A","347":"C","348":";","349":"E","350":"A","351":"C","352":"D","353":",","354":"O","355":"A","356":"A","357":"O","358":",","359":"G","360":"A","361":"A","362":"G","363":";","364":"I","365":"A","366":"C","367":"R","368":",","369":"I","370":"A","371":"A","372":"I","373":",","374":"C","375":"A","376":"A","377":"C","378":",","379":"c","380":"A","381":"A","382":"c","383":",","384":"C","385":"A","386":"A","387":"C","388":",","389":"C","390":"A","391":"A","392":"C","393":";","394":"E","395":"A","396":"C","397":"v","398":"B","399":",","400":"C","401":"A","402":"A","403":"C","404":";","405":"E","406":"A","407":"C","408":"D","409":",","410":"O","411":"A","412":"A","413":"O","414":",","415":"E","416":"A","417":"A","418":"E","419":";","420":"I","421":"A","422":"C","423":"P","424":",","425":"M","426":"A","427":"A","428":"M","429":",","430":"c","431":"A","432":"A","433":"c","434":",","435":"G","436":"A","437":"A","438":"G","439":";","440":"M","441":"A","442":"C","443":"r","444":"B","445":",","446":"I","447":"A","448":"A","449":"I","450":";","451":"Q","452":"A","453":"C","454":"F","455":",","456":"M","457":"A","458":"A","459":"M","460":",","461":"G","462":"A","463":"A","464":"G","465":",","466":"G","467":"A","468":"A","469":"G","470":",","471":"M","472":"A","473":"A","474":"M","475":",","476":"K","477":"A","478":"A","479":"K","480":",","481":"C","482":"A","483":"A","484":"C","485":",","486":"g","487":"C","488":"A","489":"A","490":"g","491":"C","492":",","493":"C","494":"A","495":"A","496":"C","497":";","498":"Q","499":"A","500":"C","501":"z","502":"D","503":",","504":"I","505":"A","506":"A","507":"I","508":",","509":"C","510":"A","511":"A","512":"C","513":",","514":"G","515":"A","516":"A","517":"G","518":",","519":"C","520":"A","521":"A","522":"C","523":",","524":"E","525":"A","526":"A","527":"E","528":",","529":"E","530":"A","531":"A","532":"E","533":",","534":"M","535":"A","536":"A","537":"M","538":",","539":"I","540":"A","541":"A","542":"I","543":",","544":"K","545":"A","546":"A","547":"K","548":",","549":"C","550":"A","551":"A","552":"C","553":",","554":"Q","555":"A","556":"A","557":"Q","558":",","559":"G","560":"A","561":"A","562":"G","563":",","564":"C","565":"A","566":"A","567":"C","568":",","569":"M","570":"A","571":"A","572":"M","573":",","574":"E","575":"A","576":"A","577":"E","578":",","579":"C","580":"A","581":"A","582":"C","583":";","584":"Q","585":"A","586":"C","587":"l","588":"D","589":",","590":"M","591":"A","592":"A","593":"M","594":",","595":"I","596":"A","597":"A","598":"I","599":",","600":"G","601":"A","602":"A","603":"G","604":",","605":"M","606":"A","607":"A","608":"M","609":",","610":"G","611":"A","612":"A","613":"G","614":",","615":"C","616":"A","617":"A","618":"C","619":",","620":"I","621":"A","622":"A","623":"I","624":",","625":"C","626":"A","627":"A","628":"C","629":",","630":"C","631":"A","632":"A","633":"C","634":";","635":"Q","636":"A","637":"C","638":"7","639":"B","640":",","641":"I","642":"A","643":"A","644":"I","645":",","646":"C","647":"A","648":"A","649":"C","650":",","651":"S","652":"A","653":"A","654":"S","655":",","656":"G","657":"A","658":"A","659":"G","660":",","661":"I","662":"A","663":"A","664":"I","665":",","666":"C","667":"A","668":"A","669":"C","670":",","671":"I","672":"A","673":"A","674":"I","675":",","676":"I","677":"A","678":"A","679":"I","680":",","681":"E","682":"A","683":"A","684":"E","685":";","686":"Q","687":"A","688":"C","689":"h","690":"C","691":",","692":"I","693":"A","694":"A","695":"I","696":",","697":"C","698":"A","699":"A","700":"C","701":",","702":"a","703":"A","704":"A","705":"a","706":";","707":"Q","708":"A","709":"A","710":"G","711":";","712":"Q","713":"A","714":"A","715":"A","716":";","717":"Q","718":"A","719":"A","720":"A","721":";","722":"Q","723":"A","724":"A","725":"A","726":";","727":"Q","728":"A","729":"A","730":"A","731":";","732":"Q","733":"A","734":"A","735":"A","736":",","737":"c","738":"A","739":"A","740":"c","741":",","742":"E","743":"A","744":"A","745":"C","746":",","747":"I","748":"A","749":"A","750":"I","751":",","752":"C","753":"A","754":"A","755":"C","756":",","757":"S","758":"A","759":"A","760":"S","761":",","762":"C","763":"A","764":"A","765":"C","766":";","767":"Q","768":"A","769":"C","770":"n","771":"D","772":",","773":"I","774":"A","775":"A","776":"I","777":",","778":"C","779":"A","780":"A","781":"C","782":",","783":"W","784":"A","785":"A","786":"W","787":",","788":"C","789":"A","790":"A","791":"C","792":",","793":"C","794":"A","795":"A","796":"C","797":";","798":"M","799":"A","800":"C","801":"p","802":"B","803":",","804":"C","805":"A","806":"A","807":"C","808":",","809":"C","810":"A","811":"A","812":"C","813":",","814":"O","815":"A","816":"A","817":"O","818":",","819":"G","820":"A","821":"A","822":"G","823":",","824":"E","825":"A","826":"A","827":"E","828":";","829":"Q","830":"A","831":"C","832":"Z","833":",","834":"O","835":"A","836":"A","837":"O","838":",","839":"C","840":"A","841":"A","842":"C","843":",","844":"K","845":"A","846":"A","847":"K","848":",","849":"C","850":"A","851":"A","852":"C","853":",","854":"4","855":"B","856":"A","857":"A","858":"4","859":"B","860":",","861":"E","862":"A","863":"A","864":"E","865":",","866":"G","867":"A","868":"A","869":"G","870":",","871":"C","872":"A","873":"A","874":"C","875":";","876":"M","877":"A","878":"C","879":"l","880":"D","881":";","882":"I","883":"A","884":"C","885":"F","886":",","887":"C","888":"A","889":"A","890":"C","891":";","892":"I","893":"A","894":"E","895":"D","896":",","897":"Q","898":"A","899":"A","900":"Q","901":",","902":"G","903":"A","904":"A","905":"G","906":";","907":"M","908":"A","909":"C","910":"T","911":",","912":"I","913":"A","914":"A","915":"I","916":",","917":"C","918":"A","919":"A","920":"C","921":",","922":"Y","923":"A","924":"A","925":"Y","926":",","927":"G","928":"A","929":"A","930":"G","931":",","932":"I","933":"A","934":"A","935":"I","936":";","937":"M","938":"A","939":"C","940":"x","941":"B","942":",","943":"I","944":"A","945":"A","946":"I","947":",","948":"C","949":"A","950":"A","951":"C","952":",","953":"W","954":"A","955":"A","956":"W","957":",","958":"C","959":"A","960":"A","961":"C","962":",","963":"C","964":"A","965":"A","966":"C","967":";","968":"I","969":"A","970":"C","971":"p","972":"B","973":",","974":"C","975":"A","976":"A","977":"C","978":";","979":"I","980":"A","981":"E","982":"D","983":",","984":"W","985":"A","986":"A","987":"W","988":",","989":"G","990":"A","991":"A","992":"G","993":";","994":"M","995":"A","996":"C","997":"Z","998":",","999":"M","1000":"A","1001":"A","1002":"M","1003":",","1004":"K","1005":"A","1006":"A","1007":"K","1008":",","1009":"G","1010":"A","1011":"A","1012":"G","1013":",","1014":"G","1015":"A","1016":"A","1017":"G","1018":";","1019":"M","1020":"A","1021":"C","1022":"j","1023":"B","1024":",","1025":"M","1026":"A","1027":"A","1028":"M","1029":",","1030":"M","1031":"A","1032":"A","1033":"M","1034":",","1035":"G","1036":"A","1037":"A","1038":"G","1039":",","1040":"G","1041":"A","1042":"A","1043":"G","1044":";","1045":"M","1046":"A","1047":"C","1048":"l","1049":"B","1050":",","1051":"M","1052":"A","1053":"A","1054":"M","1055":",","1056":"S","1057":"A","1058":"A","1059":"S","1060":",","1061":"G","1062":"A","1063":"A","1064":"G","1065":",","1066":"E","1067":"A","1068":"A","1069":"E","1070":",","1071":"C","1072":"A","1073":"A","1074":"C","1075":",","1076":"M","1077":"A","1078":"A","1079":"M","1080":",","1081":"C","1082":"A","1083":"A","1084":"C","1085":",","1086":"I","1087":"A","1088":"A","1089":"I","1090":",","1091":"C","1092":"A","1093":"A","1094":"C","1095":",","1096":"K","1097":"A","1098":"A","1099":"K","1100":",","1101":"C","1102":"A","1103":"A","1104":"C","1105":",","1106":"c","1107":"A","1108":"A","1109":"c","1110":",","1111":"C","1112":"A","1113":"A","1114":"C","1115":";","1116":"M","1117":"A","1118":"C","1119":"t","1120":"D","1121":",","1122":"S","1123":"A","1124":"A","1125":"S","1126":",","1127":"C","1128":"A","1129":"A","1130":"C","1131":",","1132":"S","1133":"A","1134":"A","1135":"S","1136":",","1137":"C","1138":"A","1139":"A","1140":"C","1141":",","1142":"G","1143":"A","1144":"A","1145":"G","1146":",","1147":"C","1148":"A","1149":"A","1150":"C","1151":",","1152":"C","1153":"A","1154":"A","1155":"C","1156":",","1157":"M","1158":"A","1159":"A","1160":"M","1161":",","1162":"C","1163":"A","1164":"A","1165":"C","1166":",","1167":"C","1168":"A","1169":"A","1170":"C","1171":";","1172":"M","1173":"A","1174":"E","1175":"j","1176":"C","1177":",","1178":"M","1179":"A","1180":"A","1181":"M","1182":",","1183":"G","1184":"A","1185":"A","1186":"G","1187":",","1188":"G","1189":"A","1190":"A","1191":"G","1192":",","1193":"S","1194":"A","1195":"A","1196":"S","1197":",","1198":"C","1199":"A","1200":"A","1201":"C","1202":",","1203":"M","1204":"A","1205":"A","1206":"M","1207":",","1208":"C","1209":"A","1210":"A","1211":"C","1212":",","1213":"K","1214":"A","1215":"A","1216":"K","1217":",","1218":"C","1219":"A","1220":"A","1221":"C","1222":",","1223":"C","1224":"A","1225":"C","1226":"h","1227":"C","1228":",","1229":"I","1230":"A","1231":"A","1232":"I","1233":",","1234":"C","1235":"A","1236":"A","1237":"C","1238":",","1239":"O","1240":"A","1241":"A","1242":"O","1243":",","1244":"E","1245":"A","1246":"A","1247":"E","1248":",","1249":"K","1250":"A","1251":"A","1252":"K","1253":",","1254":"C","1255":"A","1256":"A","1257":"C","1258":",","1259":"C","1260":"A","1261":"C","1262":"p","1263":"B","1264":",","1265":"I","1266":"A","1267":"A","1268":"I","1269":",","1270":"C","1271":"A","1272":"A","1273":"C","1274":",","1275":"Q","1276":"A","1277":"A","1278":"Q","1279":",","1280":"E","1281":"A","1282":"A","1283":"E","1284":",","1285":"M","1286":"A","1287":"A","1288":"M","1289":",","1290":"C","1291":"A","1292":"A","1293":"C","1294":",","1295":"C","1296":"A","1297":"C","1298":"t","1299":"B","1300":",","1301":"M","1302":"A","1303":"A","1304":"M","1305":",","1306":"C","1307":"A","1308":"A","1309":"C","1310":",","1311":"G","1312":"A","1313":"A","1314":"G","1315":",","1316":"C","1317":"A","1318":"A","1319":"C","1320":",","1321":"C","1322":"A","1323":"C","1324":"X","1325":",","1326":"I","1327":"A","1328":"A","1329":"I","1330":",","1331":"C","1332":"A","1333":"A","1334":"C","1335":",","1336":"W","1337":"A","1338":"A","1339":"W","1340":",","1341":"E","1342":"A","1343":"A","1344":"E","1345":",","1346":"k","1347":"B","1348":"A","1349":"A","1350":"k","1351":"B","1352":",","1353":"C","1354":"A","1355":"A","1356":"C","1357":";","1358":"M","1359":"A","1360":"E","1361":"x","1362":"C","1363":",","1364":"M","1365":"A","1366":"A","1367":"M","1368":",","1369":"I","1370":"A","1371":"A","1372":"I","1373":",","1374":"G","1375":"A","1376":"A","1377":"G","1378":",","1379":"E","1380":"A","1381":"A","1382":"E","1383":",","1384":"C","1385":"A","1386":"A","1387":"C","1388":",","1389":"S","1390":"A","1391":"A","1392":"S","1393":",","1394":"C","1395":"A","1396":"A","1397":"C","1398":",","1399":"I","1400":"A","1401":"A","1402":"I","1403":",","1404":"C","1405":"A","1406":"A","1407":"C","1408":",","1409":"a","1410":"A","1411":"A","1412":"a","1413":",","1414":"C","1415":"A","1416":"A","1417":"C","1418":";","1419":"M","1420":"A","1421":"C","1422":"7","1423":"C","1424":",","1425":"M","1426":"A","1427":"A","1428":"M","1429":",","1430":"U","1431":"A","1432":"A","1433":"U","1434":",","1435":"G","1436":"A","1437":"A","1438":"G","1439":",","1440":"E","1441":"A","1442":"A","1443":"E","1444":",","1445":"C","1446":"A","1447":"A","1448":"C","1449":",","1450":"I","1451":"A","1452":"A","1453":"I","1454":",","1455":"C","1456":"A","1457":"A","1458":"C","1459":",","1460":"C","1461":"A","1462":"A","1463":"C","1464":",","1465":"C","1466":"A","1467":"A","1468":"C","1469":",","1470":"I","1471":"A","1472":"A","1473":"I","1474":",","1475":"C","1476":"A","1477":"A","1478":"C","1479":",","1480":"C","1481":"A","1482":"A","1483":"C","1484":",","1485":"M","1486":"A","1487":"A","1488":"M","1489":",","1490":"G","1491":"A","1492":"A","1493":"G","1494":",","1495":"E","1496":"A","1497":"A","1498":"E","1499":",","1500":"E","1501":"A","1502":"A","1503":"E","1504":",","1505":"K","1506":"A","1507":"A","1508":"K","1509":",","1510":"G","1511":"A","1512":"A","1513":"G","1514":",","1515":"G","1516":"A","1517":"A","1518":"G","1519":",","1520":"C","1521":"A","1522":"A","1523":"C","1524":",","1525":"C","1526":"A","1527":"A","1528":"C","1529":";","1530":"M","1531":"A","1532":"C","1533":"7","1534":"D","1535":",","1536":"U","1537":"A","1538":"A","1539":"U","1540":",","1541":"C","1542":"A","1543":"A","1544":"C","1545":",","1546":"I","1547":"A","1548":"A","1549":"I","1550":",","1551":"C","1552":"A","1553":"A","1554":"C","1555":";","1556":";","1557":"M","1558":"A","1559":"E","1560":"h","1561":"B","1562":";","1563":"M","1564":"A","1565":"C","1566":"A","1567":",","1568":"G","1569":"A","1570":"A","1571":"G","1572":",","1573":"C","1574":"A","1575":"A","1576":"C","1577":",","1578":"S","1579":"A","1580":"A","1581":"S","1582":",","1583":"C","1584":"A","1585":"A","1586":"C","1587":",","1588":"W","1589":"A","1590":"A","1591":"W","1592":",","1593":"C","1594":"A","1595":"A","1596":"C","1597":",","1598":"C","1599":"A","1600":"C","1601":"v","1602":"B","1603":",","1604":"I","1605":"A","1606":"A","1607":"I","1608":",","1609":"C","1610":"A","1611":"A","1612":"C","1613":",","1614":"I","1615":"A","1616":"A","1617":"I","1618":",","1619":"C","1620":"A","1621":"A","1622":"C","1623":",","1624":"K","1625":"A","1626":"A","1627":"K","1628":",","1629":"C","1630":"A","1631":"A","1632":"C","1633":",","1634":"C","1635":"A","1636":"A","1637":"C","1638":",","1639":"C","1640":"A","1641":"A","1642":"C","1643":",","1644":"C","1645":"A","1646":"C","1647":"l","1648":"B","1649":",","1650":"K","1651":"A","1652":"A","1653":"K","1654":",","1655":"C","1656":"A","1657":"A","1658":"C","1659":",","1660":"C","1661":"A","1662":"A","1663":"C","1664":",","1665":"C","1666":"A","1667":"C","1668":"P","1669":",","1670":"M","1671":"A","1672":"A","1673":"M","1674":",","1675":"C","1676":"A","1677":"A","1678":"C","1679":",","1680":"M","1681":"A","1682":"A","1683":"M","1684":",","1685":"C","1686":"A","1687":"A","1688":"C","1689":",","1690":"C","1691":"A","1692":"C","1693":"d","1694":",","1695":"I","1696":"A","1697":"A","1698":"I","1699":",","1700":"C","1701":"A","1702":"A","1703":"C","1704":",","1705":"O","1706":"A","1707":"A","1708":"O","1709":",","1710":"E","1711":"A","1712":"A","1713":"E","1714":",","1715":"M","1716":"A","1717":"A","1718":"M","1719":",","1720":"C","1721":"A","1722":"A","1723":"C","1724":",","1725":"C","1726":"A","1727":"C","1728":"r","1729":"B","1730":",","1731":"I","1732":"A","1733":"A","1734":"I","1735":",","1736":"C","1737":"A","1738":"A","1739":"C","1740":",","1741":"G","1742":"A","1743":"A","1744":"G","1745":",","1746":"E","1747":"A","1748":"A","1749":"E","1750":",","1751":"E","1752":"A","1753":"A","1754":"E","1755":",","1756":"C","1757":"A","1758":"A","1759":"C","1760":",","1761":"c","1762":"A","1763":"A","1764":"c","1765":",","1766":"C","1767":"A","1768":"A","1769":"C","1770":",","1771":"C","1772":"A","1773":"A","1774":"C","1775":",","1776":"C","1777":"A","1778":"C","1779":"3","1780":"B","1781":",","1782":"C","1783":"A","1784":"A","1785":"C","1786":",","1787":"C","1788":"A","1789":"A","1790":"C","1791":",","1792":"C","1793":"A","1794":"A","1795":"C","1796":",","1797":"I","1798":"A","1799":"A","1800":"I","1801":",","1802":"C","1803":"A","1804":"A","1805":"C","1806":",","1807":"C","1808":"A","1809":"A","1810":"C","1811":",","1812":"C","1813":"A","1814":"A","1815":"C","1816":",","1817":"C","1818":"A","1819":"A","1820":"C","1821":",","1822":"C","1823":"A","1824":"C","1825":"X","1826":",","1827":"C","1828":"A","1829":"A","1830":"C","1831":",","1832":"C","1833":"A","1834":"A","1835":"C","1836":",","1837":"C","1838":"A","1839":"A","1840":"C","1841":",","1842":"I","1843":"A","1844":"A","1845":"I","1846":",","1847":"C","1848":"A","1849":"A","1850":"C","1851":",","1852":"C","1853":"A","1854":"A","1855":"C","1856":",","1857":"C","1858":"A","1859":"A","1860":"C","1861":",","1862":"C","1863":"A","1864":"A","1865":"C","1866":",","1867":"C","1868":"A","1869":"A","1870":"C","1871":",","1872":"C","1873":"A","1874":"C","1875":"d","1876":",","1877":"I","1878":"A","1879":"A","1880":"I","1881":",","1882":"C","1883":"A","1884":"A","1885":"C","1886":",","1887":"M","1888":"A","1889":"A","1890":"M","1891":",","1892":"E","1893":"A","1894":"A","1895":"E","1896":",","1897":"M","1898":"A","1899":"A","1900":"M","1901":",","1902":"C","1903":"A","1904":"A","1905":"C","1906":",","1907":"C","1908":"A","1909":"C","1910":"p","1911":"B","1912":",","1913":"I","1914":"A","1915":"A","1916":"I","1917":",","1918":"C","1919":"A","1920":"A","1921":"C","1922":",","1923":"Q","1924":"A","1925":"A","1926":"Q","1927":",","1928":"E","1929":"A","1930":"A","1931":"E","1932":",","1933":"M","1934":"A","1935":"A","1936":"M","1937":",","1938":"C","1939":"A","1940":"A","1941":"C","1942":";","1943":"M","1944":"A","1945":"E","1946":"z","1947":"B","1948":",","1949":"M","1950":"A","1951":"A","1952":"M","1953":",","1954":"E","1955":"A","1956":"A","1957":"E","1958":",","1959":"G","1960":"A","1961":"A","1962":"G","1963":",","1964":"I","1965":"A","1966":"A","1967":"I","1968":";","1969":";","1970":"M","1971":"A","1972":"E","1973":"f","1974":";","1975":"M","1976":"A","1977":"C","1978":"A","1979":",","1980":"M","1981":"A","1982":"A","1983":"M","1984":",","1985":"I","1986":"A","1987":"A","1988":"I","1989":",","1990":"G","1991":"A","1992":"A","1993":"G","1994":",","1995":"G","1996":"A","1997":"A","1998":"G","1999":",","2000":"C","2001":"A","2002":"A","2003":"C","2004":",","2005":"S","2006":"A","2007":"A","2008":"S","2009":",","2010":"C","2011":"A","2012":"A","2013":"C","2014":",","2015":"Q","2016":"A","2017":"A","2018":"Q","2019":",","2020":"C","2021":"A","2022":"A","2023":"C","2024":",","2025":"C","2026":"A","2027":"C","2028":"j","2029":"C","2030":",","2031":"I","2032":"A","2033":"A","2034":"I","2035":",","2036":"C","2037":"A","2038":"A","2039":"C","2040":",","2041":"I","2042":"A","2043":"A","2044":"I","2045":",","2046":"C","2047":"A","2048":"A","2049":"C","2050":",","2051":"W","2052":"A","2053":"A","2054":"W","2055":",","2056":"C","2057":"A","2058":"A","2059":"C","2060":",","2061":"C","2062":"A","2063":"A","2064":"C","2065":",","2066":"C","2067":"A","2068":"A","2069":"C","2070":",","2071":"C","2072":"A","2073":"C","2074":"x","2075":"B","2076":",","2077":"K","2078":"A","2079":"A","2080":"K","2081":",","2082":"C","2083":"A","2084":"A","2085":"C","2086":",","2087":"C","2088":"A","2089":"A","2090":"C","2091":",","2092":"C","2093":"A","2094":"C","2095":"P","2096":",","2097":"M","2098":"A","2099":"A","2100":"M","2101":",","2102":"C","2103":"A","2104":"A","2105":"C","2106":",","2107":"G","2108":"A","2109":"A","2110":"G","2111":",","2112":"C","2113":"A","2114":"A","2115":"C","2116":",","2117":"C","2118":"A","2119":"C","2120":"X","2121":",","2122":"I","2123":"A","2124":"A","2125":"I","2126":",","2127":"C","2128":"A","2129":"A","2130":"C","2131":",","2132":"O","2133":"A","2134":"A","2135":"O","2136":",","2137":"E","2138":"A","2139":"A","2140":"E","2141":",","2142":"M","2143":"A","2144":"A","2145":"M","2146":",","2147":"C","2148":"A","2149":"A","2150":"C","2151":",","2152":"C","2153":"A","2154":"C","2155":"r","2156":"B","2157":",","2158":"I","2159":"A","2160":"A","2161":"I","2162":",","2163":"C","2164":"A","2165":"A","2166":"C","2167":",","2168":"W","2169":"A","2170":"A","2171":"W","2172":",","2173":"E","2174":"A","2175":"A","2176":"E","2177":",","2178":"C","2179":"A","2180":"A","2181":"C","2182":",","2183":"I","2184":"A","2185":"A","2186":"I","2187":",","2188":"a","2189":"A","2190":"A","2191":"a","2192":",","2193":"C","2194":"A","2195":"A","2196":"C","2197":",","2198":"C","2199":"A","2200":"A","2201":"C","2202":",","2203":"C","2204":"A","2205":"A","2206":"C","2207":",","2208":"I","2209":"A","2210":"A","2211":"I","2212":",","2213":"C","2214":"A","2215":"A","2216":"C","2217":",","2218":"C","2219":"A","2220":"A","2221":"C","2222":",","2223":"C","2224":"A","2225":"A","2226":"C","2227":",","2228":"G","2229":"A","2230":"A","2231":"G","2232":",","2233":"C","2234":"A","2235":"A","2236":"C","2237":",","2238":"C","2239":"A","2240":"C","2241":"l","2242":"D","2243":",","2244":"K","2245":"A","2246":"A","2247":"K","2248":",","2249":"C","2250":"A","2251":"A","2252":"C","2253":",","2254":"Q","2255":"A","2256":"A","2257":"Q","2258":",","2259":"E","2260":"A","2261":"A","2262":"E","2263":",","2264":"S","2265":"A","2266":"A","2267":"S","2268":",","2269":"C","2270":"A","2271":"A","2272":"C","2273":";","2274":"M","2275":"A","2276":"E","2277":"7","2278":"B","2279":",","2280":"I","2281":"A","2282":"A","2283":"I","2284":",","2285":"C","2286":"A","2287":"A","2288":"C","2289":",","2290":"M","2291":"A","2292":"A","2293":"M","2294":",","2295":"C","2296":"A","2297":"A","2298":"C","2299":",","2300":"Q","2301":"A","2302":"A","2303":"Q","2304":",","2305":"C","2306":"A","2307":"A","2308":"C","2309":",","2310":"C","2311":"A","2312":"C","2313":"l","2314":"B","2315":",","2316":"I","2317":"A","2318":"A","2319":"I","2320":",","2321":"C","2322":"A","2323":"A","2324":"C","2325":",","2326":"G","2327":"A","2328":"A","2329":"G","2330":",","2331":"E","2332":"A","2333":"A","2334":"E","2335":",","2336":"C","2337":"A","2338":"A","2339":"C","2340":",","2341":"C","2342":"A","2343":"A","2344":"C","2345":",","2346":"C","2347":"A","2348":"C","2349":"Z","2350":",","2351":"I","2352":"A","2353":"A","2354":"I","2355":",","2356":"C","2357":"A","2358":"A","2359":"C","2360":",","2361":"M","2362":"A","2363":"A","2364":"M","2365":",","2366":"E","2367":"A","2368":"A","2369":"E","2370":",","2371":"C","2372":"A","2373":"A","2374":"C","2375":",","2376":"I","2377":"A","2378":"A","2379":"K","2380":",","2381":"E","2382":"A","2383":"A","2384":"E","2385":",","2386":"C","2387":"A","2388":"A","2389":"C","2390":",","2391":"Y","2392":"A","2393":"A","2394":"Y","2395":",","2396":"I","2397":"A","2398":"A","2399":"I","2400":",","2401":"E","2402":"A","2403":"A","2404":"E","2405":",","2406":"C","2407":"A","2408":"A","2409":"C","2410":",","2411":"Y","2412":"A","2413":"A","2414":"Y","2415":",","2416":"C","2417":"A","2418":"A","2419":"C","2420":",","2421":"I","2422":"A","2423":"A","2424":"I","2425":",","2426":"K","2427":"A","2428":"A","2429":"K","2430":",","2431":"C","2432":"A","2433":"A","2434":"C","2435":",","2436":"C","2437":"A","2438":"A","2439":"C","2440":",","2441":"I","2442":"A","2443":"A","2444":"I","2445":",","2446":"C","2447":"A","2448":"A","2449":"C","2450":",","2451":"I","2452":"A","2453":"A","2454":"I","2455":",","2456":"G","2457":"A","2458":"A","2459":"I","2460":",","2461":"S","2462":"A","2463":"A","2464":"S","2465":",","2466":"G","2467":"A","2468":"A","2469":"I","2470":",","2471":"C","2472":"A","2473":"A","2474":"C","2475":",","2476":"C","2477":"A","2478":"A","2479":"C","2480":",","2481":"Q","2482":"A","2483":"A","2484":"Q","2485":",","2486":"G","2487":"A","2488":"A","2489":"G","2490":",","2491":"M","2492":"A","2493":"A","2494":"M","2495":",","2496":"G","2497":"A","2498":"A","2499":"G","2500":",","2501":"M","2502":"A","2503":"A","2504":"O","2505":",","2506":"C","2507":"A","2508":"A","2509":"C","2510":",","2511":"C","2512":"A","2513":"C","2514":"z","2515":"H","2516":",","2517":"E","2518":"A","2519":"A","2520":"E","2521":",","2522":"C","2523":"A","2524":"A","2525":"C","2526":",","2527":"O","2528":"A","2529":"A","2530":"O","2531":",","2532":"E","2533":"A","2534":"A","2535":"E","2536":",","2537":"U","2538":"A","2539":"A","2540":"S","2541":",","2542":"K","2543":"A","2544":"A","2545":"K","2546":",","2547":"E","2548":"A","2549":"A","2550":"E","2551":",","2552":"C","2553":"A","2554":"A","2555":"C","2556":",","2557":"E","2558":"A","2559":"A","2560":"E","2561":";","2562":"Q","2563":"A","2564":"C","2565":"9","2566":"B","2567":",","2568":"E","2569":"A","2570":"A","2571":"E","2572":",","2573":"C","2574":"A","2575":"A","2576":"C","2577":",","2578":"Y","2579":"A","2580":"A","2581":"Y","2582":",","2583":"G","2584":"A","2585":"A","2586":"G","2587":",","2588":"C","2589":"A","2590":"A","2591":"C","2592":",","2593":"C","2594":"A","2595":"A","2596":"C","2597":",","2598":"I","2599":"A","2600":"A","2601":"I","2602":";","2603":"Q","2604":"A","2605":"C","2606":"x","2607":"B","2608":",","2609":"E","2610":"A","2611":"A","2612":"E","2613":",","2614":"C","2615":"A","2616":"A","2617":"C","2618":",","2619":"W","2620":"A","2621":"A","2622":"W","2623":",","2624":"C","2625":"A","2626":"A","2627":"C","2628":",","2629":"C","2630":"A","2631":"A","2632":"C","2633":";","2634":"M","2635":"A","2636":"C","2637":"l","2638":"B","2639":",","2640":"C","2641":"A","2642":"A","2643":"C","2644":",","2645":"C","2646":"A","2647":"A","2648":"C","2649":";","2650":"M","2651":"A","2652":"E","2653":"J","2654":",","2655":"I","2656":"A","2657":"A","2658":"I","2659":",","2660":"C","2661":"A","2662":"A","2663":"C","2664":",","2665":"M","2666":"A","2667":"A","2668":"M","2669":",","2670":"C","2671":"A","2672":"A","2673":"C","2674":",","2675":"M","2676":"A","2677":"A","2678":"M","2679":",","2680":"C","2681":"A","2682":"A","2683":"C","2684":",","2685":"C","2686":"A","2687":"C","2688":"h","2689":"B","2690":",","2691":"I","2692":"A","2693":"A","2694":"I","2695":",","2696":"C","2697":"A","2698":"A","2699":"C","2700":",","2701":"I","2702":"A","2703":"A","2704":"I","2705":",","2706":"E","2707":"A","2708":"A","2709":"E","2710":",","2711":"E","2712":"A","2713":"A","2714":"E","2715":",","2716":"C","2717":"A","2718":"A","2719":"C","2720":",","2721":"C","2722":"A","2723":"C","2724":"d","2725":",","2726":"I","2727":"A","2728":"A","2729":"I","2730":",","2731":"C","2732":"A","2733":"A","2734":"C","2735":",","2736":"I","2737":"A","2738":"A","2739":"I","2740":",","2741":"E","2742":"A","2743":"A","2744":"E","2745":",","2746":"C","2747":"A","2748":"A","2749":"C","2750":",","2751":"C","2752":"A","2753":"A","2754":"C","2755":",","2756":"C","2757":"A","2758":"C","2759":"b","2760":",","2761":"I","2762":"A","2763":"A","2764":"I","2765":",","2766":"C","2767":"A","2768":"A","2769":"C","2770":",","2771":"C","2772":"A","2773":"A","2774":"C","2775":",","2776":"I","2777":"A","2778":"A","2779":"I","2780":",","2781":"C","2782":"A","2783":"A","2784":"C","2785":",","2786":"C","2787":"A","2788":"A","2789":"C","2790":",","2791":"I","2792":"A","2793":"A","2794":"I","2795":",","2796":"C","2797":"A","2798":"A","2799":"C","2800":",","2801":"I","2802":"A","2803":"A","2804":"I","2805":",","2806":"C","2807":"A","2808":"A","2809":"C","2810":",","2811":"C","2812":"A","2813":"C","2814":"t","2815":"B","2816":",","2817":"E","2818":"A","2819":"A","2820":"E","2821":",","2822":"C","2823":"A","2824":"A","2825":"C","2826":",","2827":"O","2828":"A","2829":"A","2830":"O","2831":",","2832":"E","2833":"A","2834":"A","2835":"E","2836":",","2837":"U","2838":"A","2839":"A","2840":"S","2841":",","2842":"K","2843":"A","2844":"A","2845":"K","2846":",","2847":"E","2848":"A","2849":"A","2850":"E","2851":",","2852":"C","2853":"A","2854":"A","2855":"C","2856":",","2857":"E","2858":"A","2859":"A","2860":"E","2861":";","2862":"Q","2863":"A","2864":"C","2865":"9","2866":"B","2867":",","2868":"E","2869":"A","2870":"A","2871":"E","2872":",","2873":"C","2874":"A","2875":"A","2876":"C","2877":",","2878":"Y","2879":"A","2880":"A","2881":"Y","2882":",","2883":"G","2884":"A","2885":"A","2886":"G","2887":",","2888":"C","2889":"A","2890":"A","2891":"C","2892":",","2893":"C","2894":"A","2895":"A","2896":"C","2897":",","2898":"I","2899":"A","2900":"A","2901":"I","2902":";","2903":"Q","2904":"A","2905":"C","2906":"x","2907":"B","2908":",","2909":"E","2910":"A","2911":"A","2912":"E","2913":",","2914":"C","2915":"A","2916":"A","2917":"C","2918":",","2919":"W","2920":"A","2921":"A","2922":"W","2923":",","2924":"C","2925":"A","2926":"A","2927":"C","2928":",","2929":"C","2930":"A","2931":"A","2932":"C","2933":";","2934":"M","2935":"A","2936":"C","2937":"l","2938":"B","2939":",","2940":"C","2941":"A","2942":"A","2943":"C","2944":",","2945":"C","2946":"A","2947":"A","2948":"C","2949":";","2950":"I","2951":"A","2952":"C","2953":"N","2954":";","2955":"E","2956":"A","2957":"C","2958":"F","2959":";","2960":"A","2961":"A","2962":"C","2963":"F","2964":",","2965":"C","2966":"A","2967":"A","2968":"C","2969":"\"","2970":",","2971":"\"","2972":"f","2973":"i","2974":"l","2975":"e","2976":"\"","2977":":","2978":"\"","2979":"C","2980":":","2981":"\\","2982":"\\","2983":"U","2984":"s","2985":"e","2986":"r","2987":"s","2988":"\\","2989":"\\","2990":"T","2991":"E","2992":"J","2993":"A","2994":"S","2995":"\\","2996":"\\","2997":"D","2998":"e","2999":"s","3000":"k","3001":"t","3002":"o","3003":"p","3004":"\\","3005":"\\","3006":"w","3007":"o","3008":"r","3009":"k","3010":"\\","3011":"\\","3012":"g","3013":"r","3014":"a","3015":"p","3016":"h","3017":"-","3018":"v","3019":"i","3020":"s","3021":"u","3022":"a","3023":"l","3024":"i","3025":"z","3026":"e","3027":"r","3028":"\\","3029":"\\","3030":"h","3031":"i","3032":"e","3033":"r","3034":"a","3035":"r","3036":"c","3037":"h","3038":"i","3039":"c","3040":"a","3041":"l","3042":"-","3043":"g","3044":"r","3045":"a","3046":"p","3047":"h","3048":"-","3049":"a","3050":"p","3051":"p","3052":"\\","3053":"\\","3054":"c","3055":"l","3056":"i","3057":"e","3058":"n","3059":"t","3060":"\\","3061":"\\","3062":"s","3063":"r","3064":"c","3065":"\\","3066":"\\","3067":"c","3068":"o","3069":"m","3070":"p","3071":"o","3072":"n","3073":"e","3074":"n","3075":"t","3076":"s","3077":"\\","3078":"\\","3079":"H","3080":"i","3081":"e","3082":"r","3083":"a","3084":"r","3085":"c","3086":"h","3087":"y","3088":"G","3089":"r","3090":"a","3091":"p","3092":"h","3093":".","3094":"v","3095":"u","3096":"e","3097":"\"","3098":",","3099":"\"","3100":"s","3101":"o","3102":"u","3103":"r","3104":"c","3105":"e","3106":"s","3107":"C","3108":"o","3109":"n","3110":"t","3111":"e","3112":"n","3113":"t","3114":"\"","3115":":","3116":"[","3117":"\"","3118":"<","3119":"t","3120":"e","3121":"m","3122":"p","3123":"l","3124":"a","3125":"t","3126":"e","3127":">","3128":"\\","3129":"n","3130":" ","3131":" ","3132":"<","3133":"d","3134":"i","3135":"v","3136":" ","3137":"s","3138":"t","3139":"y","3140":"l","3141":"e","3142":"=","3143":"\\","3144":"\"","3145":"d","3146":"i","3147":"s","3148":"p","3149":"l","3150":"a","3151":"y","3152":":","3153":"f","3154":"l","3155":"e","3156":"x","3157":"\\","3158":"\"","3159":">","3160":"\\","3161":"n","3162":" ","3163":" ","3164":" ","3165":" ","3166":"<","3167":"d","3168":"i","3169":"v","3170":" ","3171":"r","3172":"e","3173":"f","3174":"=","3175":"\\","3176":"\"","3177":"g","3178":"r","3179":"a","3180":"p","3181":"h","3182":"C","3183":"o","3184":"n","3185":"t","3186":"a","3187":"i","3188":"n","3189":"e","3190":"r","3191":"\\","3192":"\"","3193":" ","3194":"c","3195":"l","3196":"a","3197":"s","3198":"s","3199":"=","3200":"\\","3201":"\"","3202":"g","3203":"r","3204":"a","3205":"p","3206":"h","3207":"-","3208":"c","3209":"o","3210":"n","3211":"t","3212":"a","3213":"i","3214":"n","3215":"e","3216":"r","3217":"\\","3218":"\"","3219":">","3220":"<","3221":"/","3222":"d","3223":"i","3224":"v","3225":">","3226":"\\","3227":"n","3228":" ","3229":" ","3230":" ","3231":" ","3232":"<","3233":"d","3234":"i","3235":"v","3236":" ","3237":"c","3238":"l","3239":"a","3240":"s","3241":"s","3242":"=","3243":"\\","3244":"\"","3245":"s","3246":"i","3247":"d","3248":"e","3249":"b","3250":"a","3251":"r","3252":"\\","3253":"\"","3254":" ","3255":"v","3256":"-","3257":"i","3258":"f","3259":"=","3260":"\\","3261":"\"","3262":"s","3263":"e","3264":"l","3265":"e","3266":"c","3267":"t","3268":"e","3269":"d","3270":"N","3271":"o","3272":"d","3273":"e","3274":"\\","3275":"\"","3276":" ","3277":"s","3278":"t","3279":"y","3280":"l","3281":"e","3282":"=","3283":"\\","3284":"\"","3285":"m","3286":"a","3287":"r","3288":"g","3289":"i","3290":"n","3291":"-","3292":"l","3293":"e","3294":"f","3295":"t","3296":":","3297":"1","3298":"6","3299":"p","3300":"x","3301":";","3302":" ","3303":"p","3304":"a","3305":"d","3306":"d","3307":"i","3308":"n","3309":"g","3310":":","3311":"8","3312":"p","3313":"x","3314":";","3315":" ","3316":"b","3317":"o","3318":"r","3319":"d","3320":"e","3321":"r","3322":"-","3323":"l","3324":"e","3325":"f","3326":"t","3327":":","3328":"1","3329":"p","3330":"x","3331":" ","3332":"s","3333":"o","3334":"l","3335":"i","3336":"d","3337":" ","3338":"#","3339":"d","3340":"d","3341":"d","3342":";","3343":" ","3344":"w","3345":"i","3346":"d","3347":"t","3348":"h","3349":":","3350":"2","3351":"4","3352":"0","3353":"p","3354":"x","3355":";","3356":"\\","3357":"\"","3358":">","3359":"\\","3360":"n","3361":" ","3362":" ","3363":" ","3364":" ","3365":" ","3366":" ","3367":"<","3368":"h","3369":"3","3370":">","3371":"{","3372":"{","3373":" ","3374":"s","3375":"e","3376":"l","3377":"e","3378":"c","3379":"t","3380":"e","3381":"d","3382":"N","3383":"o","3384":"d","3385":"e","3386":".","3387":"n","3388":"a","3389":"m","3390":"e","3391":" ","3392":"}","3393":"}","3394":"<","3395":"/","3396":"h","3397":"3","3398":">","3399":"\\","3400":"n","3401":" ","3402":" ","3403":" ","3404":" ","3405":" ","3406":" ","3407":"<","3408":"p","3409":">","3410":"{","3411":"{","3412":" ","3413":"s","3414":"e","3415":"l","3416":"e","3417":"c","3418":"t","3419":"e","3420":"d","3421":"N","3422":"o","3423":"d","3424":"e","3425":".","3426":"d","3427":"e","3428":"s","3429":"c","3430":"r","3431":"i","3432":"p","3433":"t","3434":"i","3435":"o","3436":"n","3437":" ","3438":"}","3439":"}","3440":"<","3441":"/","3442":"p","3443":">","3444":"\\","3445":"n","3446":" ","3447":" ","3448":" ","3449":" ","3450":" ","3451":" ","3452":"<","3453":"b","3454":"u","3455":"t","3456":"t","3457":"o","3458":"n","3459":" ","3460":"@","3461":"c","3462":"l","3463":"i","3464":"c","3465":"k","3466":"=","3467":"\\","3468":"\"","3469":"d","3470":"e","3471":"s","3472":"e","3473":"l","3474":"e","3475":"c","3476":"t","3477":"\\","3478":"\"","3479":">","3480":"D","3481":"e","3482":"s","3483":"e","3484":"l","3485":"e","3486":"c","3487":"t","3488":"<","3489":"/","3490":"b","3491":"u","3492":"t","3493":"t","3494":"o","3495":"n","3496":">","3497":"\\","3498":"n","3499":" ","3500":" ","3501":" ","3502":" ","3503":"<","3504":"/","3505":"d","3506":"i","3507":"v","3508":">","3509":"\\","3510":"n","3511":" ","3512":" ","3513":"<","3514":"/","3515":"d","3516":"i","3517":"v","3518":">","3519":"\\","3520":"n","3521":"<","3522":"/","3523":"t","3524":"e","3525":"m","3526":"p","3527":"l","3528":"a","3529":"t","3530":"e","3531":">","3532":"\\","3533":"n","3534":"\\","3535":"n","3536":"<","3537":"s","3538":"c","3539":"r","3540":"i","3541":"p","3542":"t","3543":">","3544":"\\","3545":"n","3546":"i","3547":"m","3548":"p","3549":"o","3550":"r","3551":"t","3552":" ","3553":"*","3554":" ","3555":"a","3556":"s","3557":" ","3558":"d","3559":"3","3560":" ","3561":"f","3562":"r","3563":"o","3564":"m","3565":" ","3566":"'","3567":"d","3568":"3","3569":"'","3570":";","3571":"\\","3572":"n","3573":"i","3574":"m","3575":"p","3576":"o","3577":"r","3578":"t","3579":" ","3580":"{","3581":" ","3582":"b","3583":"u","3584":"i","3585":"l","3586":"d","3587":"H","3588":"i","3589":"e","3590":"r","3591":"a","3592":"r","3593":"c","3594":"h","3595":"y","3596":" ","3597":"}","3598":" ","3599":"f","3600":"r","3601":"o","3602":"m","3603":" ","3604":"'","3605":".","3606":".","3607":"/","3608":"u","3609":"t","3610":"i","3611":"l","3612":"s","3613":"/","3614":"h","3615":"i","3616":"e","3617":"r","3618":"a","3619":"r","3620":"c","3621":"h","3622":"y","3623":"'","3624":";","3625":"\\","3626":"n","3627":"\\","3628":"n","3629":"e","3630":"x","3631":"p","3632":"o","3633":"r","3634":"t","3635":" ","3636":"d","3637":"e","3638":"f","3639":"a","3640":"u","3641":"l","3642":"t","3643":" ","3644":"{","3645":"\\","3646":"n","3647":" ","3648":" ","3649":"n","3650":"a","3651":"m","3652":"e","3653":":","3654":" ","3655":"'","3656":"H","3657":"i","3658":"e","3659":"r","3660":"a","3661":"r","3662":"c","3663":"h","3664":"y","3665":"G","3666":"r","3667":"a","3668":"p","3669":"h","3670":"'","3671":",","3672":"\\","3673":"n","3674":" ","3675":" ","3676":"d","3677":"a","3678":"t","3679":"a","3680":"(","3681":")","3682":" ","3683":"{","3684":"\\","3685":"n","3686":" ","3687":" ","3688":" ","3689":" ","3690":"r","3691":"e","3692":"t","3693":"u","3694":"r","3695":"n","3696":" ","3697":"{","3698":"\\","3699":"n","3700":" ","3701":" ","3702":" ","3703":" ","3704":" ","3705":" ","3706":"g","3707":"r","3708":"a","3709":"p","3710":"h","3711":"D","3712":"a","3713":"t","3714":"a","3715":":","3716":" ","3717":"n","3718":"u","3719":"l","3720":"l","3721":",","3722":"\\","3723":"n","3724":" ","3725":" ","3726":" ","3727":" ","3728":" ","3729":" ","3730":"h","3731":"i","3732":"e","3733":"r","3734":"a","3735":"r","3736":"c","3737":"h","3738":"y","3739":"D","3740":"a","3741":"t","3742":"a","3743":":","3744":" ","3745":"n","3746":"u","3747":"l","3748":"l","3749":",","3750":"\\","3751":"n","3752":" ","3753":" ","3754":" ","3755":" ","3756":" ","3757":" ","3758":"s","3759":"e","3760":"l","3761":"e","3762":"c","3763":"t","3764":"e","3765":"d","3766":"N","3767":"o","3768":"d","3769":"e","3770":":","3771":" ","3772":"n","3773":"u","3774":"l","3775":"l","3776":"\\","3777":"n","3778":" ","3779":" ","3780":" ","3781":" ","3782":"}","3783":";","3784":"\\","3785":"n","3786":" ","3787":" ","3788":"}","3789":",","3790":"\\","3791":"n","3792":" ","3793":" ","3794":"m","3795":"o","3796":"u","3797":"n","3798":"t","3799":"e","3800":"d","3801":"(","3802":")","3803":" ","3804":"{","3805":"\\","3806":"n","3807":" ","3808":" ","3809":" ","3810":" ","3811":"t","3812":"h","3813":"i","3814":"s","3815":".","3816":"f","3817":"e","3818":"t","3819":"c","3820":"h","3821":"G","3822":"r","3823":"a","3824":"p","3825":"h","3826":"D","3827":"a","3828":"t","3829":"a","3830":"(","3831":")","3832":";","3833":"\\","3834":"n","3835":" ","3836":" ","3837":"}","3838":",","3839":"\\","3840":"n","3841":" ","3842":" ","3843":"m","3844":"e","3845":"t","3846":"h","3847":"o","3848":"d","3849":"s","3850":":","3851":" ","3852":"{","3853":"\\","3854":"n","3855":" ","3856":" ","3857":" ","3858":" ","3859":"a","3860":"s","3861":"y","3862":"n","3863":"c","3864":" ","3865":"f","3866":"e","3867":"t","3868":"c","3869":"h","3870":"G","3871":"r","3872":"a","3873":"p","3874":"h","3875":"D","3876":"a","3877":"t","3878":"a","3879":"(","3880":")","3881":" ","3882":"{","3883":"\\","3884":"n","3885":" ","3886":" ","3887":" ","3888":" ","3889":" ","3890":" ","3891":"t","3892":"r","3893":"y","3894":" ","3895":"{","3896":"\\","3897":"n","3898":" ","3899":" ","3900":" ","3901":" ","3902":" ","3903":" ","3904":" ","3905":" ","3906":"c","3907":"o","3908":"n","3909":"s","3910":"t","3911":" ","3912":"r","3913":"e","3914":"s","3915":" ","3916":"=","3917":" ","3918":"a","3919":"w","3920":"a","3921":"i","3922":"t","3923":" ","3924":"f","3925":"e","3926":"t","3927":"c","3928":"h","3929":"(","3930":"'","3931":"h","3932":"t","3933":"t","3934":"p","3935":":","3936":"/","3937":"/","3938":"l","3939":"o","3940":"c","3941":"a","3942":"l","3943":"h","3944":"o","3945":"s","3946":"t","3947":":","3948":"3","3949":"0","3950":"0","3951":"0","3952":"/","3953":"a","3954":"p","3955":"i","3956":"/","3957":"d","3958":"a","3959":"t","3960":"a","3961":"'","3962":")","3963":";","3964":"\\","3965":"n","3966":" ","3967":" ","3968":" ","3969":" ","3970":" ","3971":" ","3972":" ","3973":" ","3974":"i","3975":"f","3976":" ","3977":"(","3978":"!","3979":"r","3980":"e","3981":"s","3982":".","3983":"o","3984":"k","3985":")","3986":" ","3987":"t","3988":"h","3989":"r","3990":"o","3991":"w","3992":" ","3993":"n","3994":"e","3995":"w","3996":" ","3997":"E","3998":"r","3999":"r","4000":"o","4001":"r","4002":"(","4003":"`","4004":"H","4005":"T","4006":"T","4007":"P","4008":" ","4009":"$","4010":"{","4011":"r","4012":"e","4013":"s","4014":".","4015":"s","4016":"t","4017":"a","4018":"t","4019":"u","4020":"s","4021":"}","4022":"`","4023":")","4024":";","4025":"\\","4026":"n","4027":" ","4028":" ","4029":" ","4030":" ","4031":" ","4032":" ","4033":" ","4034":" ","4035":"c","4036":"o","4037":"n","4038":"s","4039":"t","4040":" ","4041":"j","4042":"s","4043":"o","4044":"n","4045":" ","4046":"=","4047":" ","4048":"a","4049":"w","4050":"a","4051":"i","4052":"t","4053":" ","4054":"r","4055":"e","4056":"s","4057":".","4058":"j","4059":"s","4060":"o","4061":"n","4062":"(","4063":")","4064":";","4065":"\\","4066":"n","4067":" ","4068":" ","4069":" ","4070":" ","4071":" ","4072":" ","4073":" ","4074":" ","4075":"t","4076":"h","4077":"i","4078":"s","4079":".","4080":"g","4081":"r","4082":"a","4083":"p","4084":"h","4085":"D","4086":"a","4087":"t","4088":"a","4089":" ","4090":"=","4091":" ","4092":"j","4093":"s","4094":"o","4095":"n","4096":".","4097":"d","4098":"a","4099":"t","4100":"a","4101":" ","4102":"|","4103":"|","4104":" ","4105":"[","4106":"]","4107":";","4108":"\\","4109":"n","4110":" ","4111":" ","4112":" ","4113":" ","4114":" ","4115":" ","4116":" ","4117":" ","4118":"t","4119":"h","4120":"i","4121":"s","4122":".","4123":"h","4124":"i","4125":"e","4126":"r","4127":"a","4128":"r","4129":"c","4130":"h","4131":"y","4132":"D","4133":"a","4134":"t","4135":"a","4136":" ","4137":"=","4138":" ","4139":"b","4140":"u","4141":"i","4142":"l","4143":"d","4144":"H","4145":"i","4146":"e","4147":"r","4148":"a","4149":"r","4150":"c","4151":"h","4152":"y","4153":"(","4154":"t","4155":"h","4156":"i","4157":"s","4158":".","4159":"g","4160":"r","4161":"a","4162":"p","4163":"h","4164":"D","4165":"a","4166":"t","4167":"a","4168":")","4169":";","4170":"\\","4171":"n","4172":" ","4173":" ","4174":" ","4175":" ","4176":" ","4177":" ","4178":" ","4179":" ","4180":"t","4181":"h","4182":"i","4183":"s","4184":".","4185":"r","4186":"e","4187":"n","4188":"d","4189":"e","4190":"r","4191":"G","4192":"r","4193":"a","4194":"p","4195":"h","4196":"(","4197":")","4198":";","4199":"\\","4200":"n","4201":" ","4202":" ","4203":" ","4204":" ","4205":" ","4206":" ","4207":"}","4208":" ","4209":"c","4210":"a","4211":"t","4212":"c","4213":"h","4214":" ","4215":"(","4216":"e","4217":"r","4218":"r","4219":")","4220":" ","4221":"{","4222":"\\","4223":"n","4224":" ","4225":" ","4226":" ","4227":" ","4228":" ","4229":" ","4230":" ","4231":" ","4232":"c","4233":"o","4234":"n","4235":"s","4236":"o","4237":"l","4238":"e","4239":".","4240":"e","4241":"r","4242":"r","4243":"o","4244":"r","4245":"(","4246":"'","4247":"E","4248":"r","4249":"r","4250":"o","4251":"r","4252":" ","4253":"f","4254":"e","4255":"t","4256":"c","4257":"h","4258":"i","4259":"n","4260":"g","4261":" ","4262":"g","4263":"r","4264":"a","4265":"p","4266":"h","4267":" ","4268":"d","4269":"a","4270":"t","4271":"a","4272":":","4273":"'","4274":",","4275":" ","4276":"e","4277":"r","4278":"r","4279":")","4280":";","4281":"\\","4282":"n","4283":" ","4284":" ","4285":" ","4286":" ","4287":" ","4288":" ","4289":"}","4290":"\\","4291":"n","4292":" ","4293":" ","4294":" ","4295":" ","4296":"}","4297":",","4298":"\\","4299":"n","4300":"\\","4301":"n","4302":" ","4303":" ","4304":" ","4305":" ","4306":"d","4307":"e","4308":"s","4309":"e","4310":"l","4311":"e","4312":"c","4313":"t","4314":"(","4315":")","4316":" ","4317":"{","4318":"\\","4319":"n","4320":" ","4321":" ","4322":" ","4323":" ","4324":" ","4325":" ","4326":"t","4327":"h","4328":"i","4329":"s","4330":".","4331":"s","4332":"e","4333":"l","4334":"e","4335":"c","4336":"t","4337":"e","4338":"d","4339":"N","4340":"o","4341":"d","4342":"e","4343":" ","4344":"=","4345":" ","4346":"n","4347":"u","4348":"l","4349":"l","4350":";","4351":"\\","4352":"n","4353":" ","4354":" ","4355":" ","4356":" ","4357":" ","4358":" ","4359":"t","4360":"h","4361":"i","4362":"s","4363":".","4364":"r","4365":"e","4366":"n","4367":"d","4368":"e","4369":"r","4370":"G","4371":"r","4372":"a","4373":"p","4374":"h","4375":"(","4376":")","4377":";","4378":"\\","4379":"n","4380":" ","4381":" ","4382":" ","4383":" ","4384":"}","4385":",","4386":"\\","4387":"n","4388":"\\","4389":"n","4390":" ","4391":" ","4392":" ","4393":" ","4394":"r","4395":"e","4396":"n","4397":"d","4398":"e","4399":"r","4400":"G","4401":"r","4402":"a","4403":"p","4404":"h","4405":"(","4406":")","4407":" ","4408":"{","4409":"\\","4410":"n","4411":" ","4412":" ","4413":" ","4414":" ","4415":" ","4416":" ","4417":"c","4418":"o","4419":"n","4420":"s","4421":"t","4422":" ","4423":"w","4424":"i","4425":"d","4426":"t","4427":"h","4428":" ","4429":"=","4430":" ","4431":"9","4432":"0","4433":"0","4434":";","4435":"\\","4436":"n","4437":" ","4438":" ","4439":" ","4440":" ","4441":" ","4442":" ","4443":"c","4444":"o","4445":"n","4446":"s","4447":"t","4448":" ","4449":"h","4450":"e","4451":"i","4452":"g","4453":"h","4454":"t","4455":" ","4456":"=","4457":" ","4458":"6","4459":"0","4460":"0","4461":";","4462":"\\","4463":"n","4464":" ","4465":" ","4466":" ","4467":" ","4468":" ","4469":" ","4470":"c","4471":"o","4472":"n","4473":"s","4474":"t","4475":" ","4476":"c","4477":"o","4478":"n","4479":"t","4480":"a","4481":"i","4482":"n","4483":"e","4484":"r","4485":" ","4486":"=","4487":" ","4488":"d","4489":"3","4490":".","4491":"s","4492":"e","4493":"l","4494":"e","4495":"c","4496":"t","4497":"(","4498":"t","4499":"h","4500":"i","4501":"s","4502":".","4503":"$","4504":"r","4505":"e","4506":"f","4507":"s","4508":".","4509":"g","4510":"r","4511":"a","4512":"p","4513":"h","4514":"C","4515":"o","4516":"n","4517":"t","4518":"a","4519":"i","4520":"n","4521":"e","4522":"r","4523":")","4524":";","4525":"\\","4526":"n","4527":" ","4528":" ","4529":" ","4530":" ","4531":" ","4532":" ","4533":"c","4534":"o","4535":"n","4536":"t","4537":"a","4538":"i","4539":"n","4540":"e","4541":"r","4542":".","4543":"s","4544":"e","4545":"l","4546":"e","4547":"c","4548":"t","4549":"A","4550":"l","4551":"l","4552":"(","4553":"'","4554":"*","4555":"'","4556":")","4557":".","4558":"r","4559":"e","4560":"m","4561":"o","4562":"v","4563":"e","4564":"(","4565":")","4566":";","4567":"\\","4568":"n","4569":"\\","4570":"n","4571":" ","4572":" ","4573":" ","4574":" ","4575":" ","4576":" ","4577":"c","4578":"o","4579":"n","4580":"s","4581":"t","4582":" ","4583":"s","4584":"v","4585":"g","4586":" ","4587":"=","4588":" ","4589":"c","4590":"o","4591":"n","4592":"t","4593":"a","4594":"i","4595":"n","4596":"e","4597":"r","4598":".","4599":"a","4600":"p","4601":"p","4602":"e","4603":"n","4604":"d","4605":"(","4606":"'","4607":"s","4608":"v","4609":"g","4610":"'","4611":")","4612":"\\","4613":"n","4614":" ","4615":" ","4616":" ","4617":" ","4618":" ","4619":" ","4620":" ","4621":" ","4622":".","4623":"a","4624":"t","4625":"t","4626":"r","4627":"(","4628":"'","4629":"w","4630":"i","4631":"d","4632":"t","4633":"h","4634":"'","4635":",","4636":" ","4637":"w","4638":"i","4639":"d","4640":"t","4641":"h","4642":")","4643":"\\","4644":"n","4645":" ","4646":" ","4647":" ","4648":" ","4649":" ","4650":" ","4651":" ","4652":" ","4653":".","4654":"a","4655":"t","4656":"t","4657":"r","4658":"(","4659":"'","4660":"h","4661":"e","4662":"i","4663":"g","4664":"h","4665":"t","4666":"'","4667":",","4668":" ","4669":"h","4670":"e","4671":"i","4672":"g","4673":"h","4674":"t","4675":")","4676":"\\","4677":"n","4678":" ","4679":" ","4680":" ","4681":" ","4682":" ","4683":" ","4684":" ","4685":" ","4686":".","4687":"a","4688":"p","4689":"p","4690":"e","4691":"n","4692":"d","4693":"(","4694":"'","4695":"g","4696":"'","4697":")","4698":"\\","4699":"n","4700":" ","4701":" ","4702":" ","4703":" ","4704":" ","4705":" ","4706":" ","4707":" ","4708":".","4709":"a","4710":"t","4711":"t","4712":"r","4713":"(","4714":"'","4715":"t","4716":"r","4717":"a","4718":"n","4719":"s","4720":"f","4721":"o","4722":"r","4723":"m","4724":"'","4725":",","4726":" ","4727":"'","4728":"t","4729":"r","4730":"a","4731":"n","4732":"s","4733":"l","4734":"a","4735":"t","4736":"e","4737":"(","4738":"4","4739":"0","4740":",","4741":"2","4742":"0","4743":")","4744":"'","4745":")","4746":";","4747":"\\","4748":"n","4749":"\\","4750":"n","4751":" ","4752":" ","4753":" ","4754":" ","4755":" ","4756":" ","4757":"c","4758":"o","4759":"n","4760":"s","4761":"t","4762":" ","4763":"r","4764":"o","4765":"o","4766":"t","4767":" ","4768":"=","4769":" ","4770":"d","4771":"3","4772":".","4773":"h","4774":"i","4775":"e","4776":"r","4777":"a","4778":"r","4779":"c","4780":"h","4781":"y","4782":"(","4783":"t","4784":"h","4785":"i","4786":"s","4787":".","4788":"h","4789":"i","4790":"e","4791":"r","4792":"a","4793":"r","4794":"c","4795":"h","4796":"y","4797":"D","4798":"a","4799":"t","4800":"a","4801":")","4802":";","4803":"\\","4804":"n","4805":" ","4806":" ","4807":" ","4808":" ","4809":" ","4810":" ","4811":"c","4812":"o","4813":"n","4814":"s","4815":"t","4816":" ","4817":"t","4818":"r","4819":"e","4820":"e","4821":"L","4822":"a","4823":"y","4824":"o","4825":"u","4826":"t","4827":" ","4828":"=","4829":" ","4830":"d","4831":"3","4832":".","4833":"t","4834":"r","4835":"e","4836":"e","4837":"(","4838":")","4839":".","4840":"s","4841":"i","4842":"z","4843":"e","4844":"(","4845":"[","4846":"h","4847":"e","4848":"i","4849":"g","4850":"h","4851":"t","4852":" ","4853":"-","4854":" ","4855":"4","4856":"0","4857":",","4858":" ","4859":"w","4860":"i","4861":"d","4862":"t","4863":"h","4864":" ","4865":"-","4866":" ","4867":"1","4868":"6","4869":"0","4870":"]","4871":")","4872":";","4873":"\\","4874":"n","4875":" ","4876":" ","4877":" ","4878":" ","4879":" ","4880":" ","4881":"t","4882":"r","4883":"e","4884":"e","4885":"L","4886":"a","4887":"y","4888":"o","4889":"u","4890":"t","4891":"(","4892":"r","4893":"o","4894":"o","4895":"t","4896":")","4897":";","4898":"\\","4899":"n","4900":"\\","4901":"n","4902":" ","4903":" ","4904":" ","4905":" ","4906":" ","4907":" ","4908":"/","4909":"/","4910":" ","4911":"l","4912":"i","4913":"n","4914":"k","4915":"s","4916":"\\","4917":"n","4918":" ","4919":" ","4920":" ","4921":" ","4922":" ","4923":" ","4924":"s","4925":"v","4926":"g","4927":".","4928":"s","4929":"e","4930":"l","4931":"e","4932":"c","4933":"t","4934":"A","4935":"l","4936":"l","4937":"(","4938":"'","4939":"p","4940":"a","4941":"t","4942":"h","4943":".","4944":"l","4945":"i","4946":"n","4947":"k","4948":"'","4949":")","4950":"\\","4951":"n","4952":" ","4953":" ","4954":" ","4955":" ","4956":" ","4957":" ","4958":" ","4959":" ","4960":".","4961":"d","4962":"a","4963":"t","4964":"a","4965":"(","4966":"r","4967":"o","4968":"o","4969":"t","4970":".","4971":"l","4972":"i","4973":"n","4974":"k","4975":"s","4976":"(","4977":")","4978":")","4979":"\\","4980":"n","4981":" ","4982":" ","4983":" ","4984":" ","4985":" ","4986":" ","4987":" ","4988":" ","4989":".","4990":"e","4991":"n","4992":"t","4993":"e","4994":"r","4995":"(","4996":")","4997":"\\","4998":"n","4999":" ","5000":" ","5001":" ","5002":" ","5003":" ","5004":" ","5005":" ","5006":" ","5007":".","5008":"a","5009":"p","5010":"p","5011":"e","5012":"n","5013":"d","5014":"(","5015":"'","5016":"p","5017":"a","5018":"t","5019":"h","5020":"'","5021":")","5022":"\\","5023":"n","5024":" ","5025":" ","5026":" ","5027":" ","5028":" ","5029":" ","5030":" ","5031":" ","5032":".","5033":"a","5034":"t","5035":"t","5036":"r","5037":"(","5038":"'","5039":"c","5040":"l","5041":"a","5042":"s","5043":"s","5044":"'","5045":",","5046":" ","5047":"'","5048":"l","5049":"i","5050":"n","5051":"k","5052":"'","5053":")","5054":"\\","5055":"n","5056":" ","5057":" ","5058":" ","5059":" ","5060":" ","5061":" ","5062":" ","5063":" ","5064":".","5065":"a","5066":"t","5067":"t","5068":"r","5069":"(","5070":"'","5071":"d","5072":"'","5073":",","5074":" ","5075":"d","5076":"3","5077":".","5078":"l","5079":"i","5080":"n","5081":"k","5082":"H","5083":"o","5084":"r","5085":"i","5086":"z","5087":"o","5088":"n","5089":"t","5090":"a","5091":"l","5092":"(","5093":")","5094":"\\","5095":"n","5096":" ","5097":" ","5098":" ","5099":" ","5100":" ","5101":" ","5102":" ","5103":" ","5104":" ","5105":" ","5106":".","5107":"x","5108":"(","5109":"d","5110":" ","5111":"=","5112":">","5113":" ","5114":"d","5115":".","5116":"y","5117":")","5118":"\\","5119":"n","5120":" ","5121":" ","5122":" ","5123":" ","5124":" ","5125":" ","5126":" ","5127":" ","5128":" ","5129":" ","5130":".","5131":"y","5132":"(","5133":"d","5134":" ","5135":"=","5136":">","5137":" ","5138":"d","5139":".","5140":"x","5141":")","5142":")","5143":"\\","5144":"n","5145":" ","5146":" ","5147":" ","5148":" ","5149":" ","5150":" ","5151":" ","5152":" ","5153":".","5154":"a","5155":"t","5156":"t","5157":"r","5158":"(","5159":"'","5160":"f","5161":"i","5162":"l","5163":"l","5164":"'","5165":",","5166":" ","5167":"'","5168":"n","5169":"o","5170":"n","5171":"e","5172":"'","5173":")","5174":"\\","5175":"n","5176":" ","5177":" ","5178":" ","5179":" ","5180":" ","5181":" ","5182":" ","5183":" ","5184":".","5185":"a","5186":"t","5187":"t","5188":"r","5189":"(","5190":"'","5191":"s","5192":"t","5193":"r","5194":"o","5195":"k","5196":"e","5197":"'","5198":",","5199":" ","5200":"'","5201":"#","5202":"c","5203":"c","5204":"c","5205":"'","5206":")","5207":";","5208":"\\","5209":"n","5210":"\\","5211":"n","5212":" ","5213":" ","5214":" ","5215":" ","5216":" ","5217":" ","5218":"c","5219":"o","5220":"n","5221":"s","5222":"t","5223":" ","5224":"v","5225":"m","5226":" ","5227":"=","5228":" ","5229":"t","5230":"h","5231":"i","5232":"s","5233":";","5234":"\\","5235":"n","5236":"\\","5237":"n","5238":" ","5239":" ","5240":" ","5241":" ","5242":" ","5243":" ","5244":"/","5245":"/","5246":" ","5247":"n","5248":"o","5249":"d","5250":"e","5251":"s","5252":"\\","5253":"n","5254":" ","5255":" ","5256":" ","5257":" ","5258":" ","5259":" ","5260":"c","5261":"o","5262":"n","5263":"s","5264":"t","5265":" ","5266":"n","5267":"o","5268":"d","5269":"e","5270":" ","5271":"=","5272":" ","5273":"s","5274":"v","5275":"g","5276":".","5277":"s","5278":"e","5279":"l","5280":"e","5281":"c","5282":"t","5283":"A","5284":"l","5285":"l","5286":"(","5287":"'","5288":"g","5289":".","5290":"n","5291":"o","5292":"d","5293":"e","5294":"'","5295":")","5296":"\\","5297":"n","5298":" ","5299":" ","5300":" ","5301":" ","5302":" ","5303":" ","5304":" ","5305":" ","5306":".","5307":"d","5308":"a","5309":"t","5310":"a","5311":"(","5312":"r","5313":"o","5314":"o","5315":"t","5316":".","5317":"d","5318":"e","5319":"s","5320":"c","5321":"e","5322":"n","5323":"d","5324":"a","5325":"n","5326":"t","5327":"s","5328":"(","5329":")","5330":")","5331":"\\","5332":"n","5333":" ","5334":" ","5335":" ","5336":" ","5337":" ","5338":" ","5339":" ","5340":" ","5341":".","5342":"e","5343":"n","5344":"t","5345":"e","5346":"r","5347":"(","5348":")","5349":"\\","5350":"n","5351":" ","5352":" ","5353":" ","5354":" ","5355":" ","5356":" ","5357":" ","5358":" ","5359":".","5360":"a","5361":"p","5362":"p","5363":"e","5364":"n","5365":"d","5366":"(","5367":"'","5368":"g","5369":"'","5370":")","5371":"\\","5372":"n","5373":" ","5374":" ","5375":" ","5376":" ","5377":" ","5378":" ","5379":" ","5380":" ","5381":".","5382":"a","5383":"t","5384":"t","5385":"r","5386":"(","5387":"'","5388":"c","5389":"l","5390":"a","5391":"s","5392":"s","5393":"'","5394":",","5395":" ","5396":"'","5397":"n","5398":"o","5399":"d","5400":"e","5401":"'","5402":")","5403":"\\","5404":"n","5405":" ","5406":" ","5407":" ","5408":" ","5409":" ","5410":" ","5411":" ","5412":" ","5413":".","5414":"a","5415":"t","5416":"t","5417":"r","5418":"(","5419":"'","5420":"t","5421":"r","5422":"a","5423":"n","5424":"s","5425":"f","5426":"o","5427":"r","5428":"m","5429":"'","5430":",","5431":" ","5432":"d","5433":" ","5434":"=","5435":">","5436":" ","5437":"`","5438":"t","5439":"r","5440":"a","5441":"n","5442":"s","5443":"l","5444":"a","5445":"t","5446":"e","5447":"(","5448":"$","5449":"{","5450":"d","5451":".","5452":"y","5453":"}","5454":",","5455":"$","5456":"{","5457":"d","5458":".","5459":"x","5460":"}","5461":")","5462":"`","5463":")","5464":"\\","5465":"n","5466":" ","5467":" ","5468":" ","5469":" ","5470":" ","5471":" ","5472":" ","5473":" ","5474":".","5475":"s","5476":"t","5477":"y","5478":"l","5479":"e","5480":"(","5481":"'","5482":"c","5483":"u","5484":"r","5485":"s","5486":"o","5487":"r","5488":"'","5489":",","5490":" ","5491":"'","5492":"p","5493":"o","5494":"i","5495":"n","5496":"t","5497":"e","5498":"r","5499":"'","5500":")","5501":";","5502":"\\","5503":"n","5504":"\\","5505":"n","5506":" ","5507":" ","5508":" ","5509":" ","5510":" ","5511":" ","5512":"n","5513":"o","5514":"d","5515":"e","5516":".","5517":"a","5518":"p","5519":"p","5520":"e","5521":"n","5522":"d","5523":"(","5524":"'","5525":"c","5526":"i","5527":"r","5528":"c","5529":"l","5530":"e","5531":"'","5532":")","5533":"\\","5534":"n","5535":" ","5536":" ","5537":" ","5538":" ","5539":" ","5540":" ","5541":" ","5542":" ","5543":".","5544":"a","5545":"t","5546":"t","5547":"r","5548":"(","5549":"'","5550":"r","5551":"'","5552":",","5553":" ","5554":"6","5555":")","5556":"\\","5557":"n","5558":" ","5559":" ","5560":" ","5561":" ","5562":" ","5563":" ","5564":" ","5565":" ","5566":".","5567":"a","5568":"t","5569":"t","5570":"r","5571":"(","5572":"'","5573":"f","5574":"i","5575":"l","5576":"l","5577":"'","5578":",","5579":" ","5580":"d","5581":" ","5582":"=","5583":">","5584":" ","5585":"(","5586":"v","5587":"m","5588":".","5589":"s","5590":"e","5591":"l","5592":"e","5593":"c","5594":"t","5595":"e","5596":"d","5597":"N","5598":"o","5599":"d","5600":"e","5601":" ","5602":"&","5603":"&","5604":" ","5605":"v","5606":"m","5607":".","5608":"s","5609":"e","5610":"l","5611":"e","5612":"c","5613":"t","5614":"e","5615":"d","5616":"N","5617":"o","5618":"d","5619":"e","5620":".","5621":"n","5622":"a","5623":"m","5624":"e","5625":" ","5626":"=","5627":"=","5628":"=","5629":" ","5630":"d","5631":".","5632":"d","5633":"a","5634":"t","5635":"a","5636":".","5637":"n","5638":"a","5639":"m","5640":"e","5641":")","5642":" ","5643":"?","5644":" ","5645":"'","5646":"#","5647":"f","5648":"f","5649":"7","5650":"0","5651":"4","5652":"3","5653":"'","5654":" ","5655":":","5656":" ","5657":"(","5658":"d","5659":".","5660":"c","5661":"h","5662":"i","5663":"l","5664":"d","5665":"r","5666":"e","5667":"n","5668":" ","5669":"?","5670":" ","5671":"'","5672":"#","5673":"5","5674":"5","5675":"5","5676":"'","5677":" ","5678":":","5679":" ","5680":"'","5681":"#","5682":"9","5683":"9","5684":"9","5685":"'","5686":")","5687":")","5688":"\\","5689":"n","5690":" ","5691":" ","5692":" ","5693":" ","5694":" ","5695":" ","5696":" ","5697":" ","5698":".","5699":"o","5700":"n","5701":"(","5702":"'","5703":"c","5704":"l","5705":"i","5706":"c","5707":"k","5708":"'","5709":",","5710":" ","5711":"f","5712":"u","5713":"n","5714":"c","5715":"t","5716":"i","5717":"o","5718":"n","5719":"(","5720":"e","5721":"v","5722":"e","5723":"n","5724":"t","5725":",","5726":" ","5727":"d","5728":")","5729":" ","5730":"{","5731":"\\","5732":"n","5733":" ","5734":" ","5735":" ","5736":" ","5737":" ","5738":" ","5739":" ","5740":" ","5741":" ","5742":" ","5743":"v","5744":"m","5745":".","5746":"s","5747":"e","5748":"l","5749":"e","5750":"c","5751":"t","5752":"e","5753":"d","5754":"N","5755":"o","5756":"d","5757":"e","5758":" ","5759":"=","5760":" ","5761":"d","5762":".","5763":"d","5764":"a","5765":"t","5766":"a","5767":";","5768":"\\","5769":"n","5770":" ","5771":" ","5772":" ","5773":" ","5774":" ","5775":" ","5776":" ","5777":" ","5778":" ","5779":" ","5780":"v","5781":"m","5782":".","5783":"r","5784":"e","5785":"n","5786":"d","5787":"e","5788":"r","5789":"G","5790":"r","5791":"a","5792":"p","5793":"h","5794":"(","5795":")","5796":";","5797":"\\","5798":"n","5799":" ","5800":" ","5801":" ","5802":" ","5803":" ","5804":" ","5805":" ","5806":" ","5807":"}","5808":")","5809":";","5810":"\\","5811":"n","5812":"\\","5813":"n","5814":" ","5815":" ","5816":" ","5817":" ","5818":" ","5819":" ","5820":"n","5821":"o","5822":"d","5823":"e","5824":".","5825":"a","5826":"p","5827":"p","5828":"e","5829":"n","5830":"d","5831":"(","5832":"'","5833":"t","5834":"e","5835":"x","5836":"t","5837":"'","5838":")","5839":"\\","5840":"n","5841":" ","5842":" ","5843":" ","5844":" ","5845":" ","5846":" ","5847":" ","5848":" ","5849":".","5850":"a","5851":"t","5852":"t","5853":"r","5854":"(","5855":"'","5856":"d","5857":"x","5858":"'","5859":",","5860":" ","5861":"1","5862":"0","5863":")","5864":"\\","5865":"n","5866":" ","5867":" ","5868":" ","5869":" ","5870":" ","5871":" ","5872":" ","5873":" ","5874":".","5875":"a","5876":"t","5877":"t","5878":"r","5879":"(","5880":"'","5881":"d","5882":"y","5883":"'","5884":",","5885":" ","5886":"4","5887":")","5888":"\\","5889":"n","5890":" ","5891":" ","5892":" ","5893":" ","5894":" ","5895":" ","5896":" ","5897":" ","5898":".","5899":"t","5900":"e","5901":"x","5902":"t","5903":"(","5904":"d","5905":" ","5906":"=","5907":">","5908":" ","5909":"d","5910":".","5911":"d","5912":"a","5913":"t","5914":"a","5915":".","5916":"n","5917":"a","5918":"m","5919":"e","5920":")","5921":"\\","5922":"n","5923":" ","5924":" ","5925":" ","5926":" ","5927":" ","5928":" ","5929":" ","5930":" ","5931":".","5932":"o","5933":"n","5934":"(","5935":"'","5936":"c","5937":"l","5938":"i","5939":"c","5940":"k","5941":"'","5942":",","5943":" ","5944":"f","5945":"u","5946":"n","5947":"c","5948":"t","5949":"i","5950":"o","5951":"n","5952":"(","5953":"e","5954":"v","5955":"e","5956":"n","5957":"t","5958":",","5959":" ","5960":"d","5961":")","5962":" ","5963":"{","5964":"\\","5965":"n","5966":" ","5967":" ","5968":" ","5969":" ","5970":" ","5971":" ","5972":" ","5973":" ","5974":" ","5975":" ","5976":"v","5977":"m","5978":".","5979":"s","5980":"e","5981":"l","5982":"e","5983":"c","5984":"t","5985":"e","5986":"d","5987":"N","5988":"o","5989":"d","5990":"e","5991":" ","5992":"=","5993":" ","5994":"d","5995":".","5996":"d","5997":"a","5998":"t","5999":"a","6000":";","6001":"\\","6002":"n","6003":" ","6004":" ","6005":" ","6006":" ","6007":" ","6008":" ","6009":" ","6010":" ","6011":" ","6012":" ","6013":"v","6014":"m","6015":".","6016":"r","6017":"e","6018":"n","6019":"d","6020":"e","6021":"r","6022":"G","6023":"r","6024":"a","6025":"p","6026":"h","6027":"(","6028":")","6029":";","6030":"\\","6031":"n","6032":" ","6033":" ","6034":" ","6035":" ","6036":" ","6037":" ","6038":" ","6039":" ","6040":"}","6041":")","6042":";","6043":"\\","6044":"n","6045":" ","6046":" ","6047":" ","6048":" ","6049":"}","6050":",","6051":"\\","6052":"n","6053":" ","6054":" ","6055":"}","6056":",","6057":"\\","6058":"n","6059":"}","6060":";","6061":"\\","6062":"n","6063":"<","6064":"/","6065":"s","6066":"c","6067":"r","6068":"i","6069":"p","6070":"t","6071":">","6072":"\\","6073":"n","6074":"\\","6075":"n","6076":"<","6077":"s","6078":"t","6079":"y","6080":"l","6081":"e","6082":" ","6083":"s","6084":"c","6085":"o","6086":"p","6087":"e","6088":"d","6089":">","6090":"\\","6091":"n","6092":".","6093":"g","6094":"r","6095":"a","6096":"p","6097":"h","6098":"-","6099":"c","6100":"o","6101":"n","6102":"t","6103":"a","6104":"i","6105":"n","6106":"e","6107":"r","6108":" ","6109":"{","6110":"\\","6111":"n","6112":" ","6113":" ","6114":"m","6115":"a","6116":"r","6117":"g","6118":"i","6119":"n","6120":":","6121":" ","6122":"2","6123":"0","6124":"p","6125":"x","6126":";","6127":"\\","6128":"n","6129":"}","6130":"\\","6131":"n","6132":"<","6133":"/","6134":"s","6135":"t","6136":"y","6137":"l","6138":"e","6139":">","6140":"\"","6141":"]","6142":"}"},"_coverageSchema":"1a1c01bbd47fc00a2c39e90264f33305004495a9","hash":"074e9ab1d000e0c133063cbdc239d4257c8f4e9c"}
,"C:\\Users\\TEJAS\\Desktop\\work\\graph-visualizer\\hierarchical-graph-app\\client\\src\\utils\\hierarchy.js": {"path":"C:\\Users\\TEJAS\\Desktop\\work\\graph-visualizer\\hierarchical-graph-app\\client\\src\\utils\\hierarchy.js","statementMap":{"0":{"start":{"line":7,"column":2},"end":{"line":9,"column":3}},"1":{"start":{"line":8,"column":4},"end":{"line":8,"column":59}},"2":{"start":{"line":11,"column":14},"end":{"line":11,"column":16}},"3":{"start":{"line":12,"column":2},"end":{"line":14,"column":5}},"4":{"start":{"line":13,"column":4},"end":{"line":13,"column":107}},"5":{"start":{"line":16,"column":16},"end":{"line":16,"column":18}},"6":{"start":{"line":17,"column":2},"end":{"line":26,"column":5}},"7":{"start":{"line":18,"column":17},"end":{"line":18,"column":28}},"8":{"start":{"line":19,"column":4},"end":{"line":25,"column":5}},"9":{"start":{"line":20,"column":21},"end":{"line":20,"column":37}},"10":{"start":{"line":21,"column":6},"end":{"line":22,"column":28}},"11":{"start":{"line":21,"column":18},"end":{"line":21,"column":45}},"12":{"start":{"line":22,"column":11},"end":{"line":22,"column":28}},"13":{"start":{"line":24,"column":6},"end":{"line":24,"column":23}},"14":{"start":{"line":28,"column":2},"end":{"line":28,"column":42}},"15":{"start":{"line":28,"column":26},"end":{"line":28,"column":42}},"16":{"start":{"line":29,"column":2},"end":{"line":29,"column":60}}},"fnMap":{"0":{"name":"buildHierarchy","decl":{"start":{"line":6,"column":16},"end":{"line":6,"column":30}},"loc":{"start":{"line":6,"column":37},"end":{"line":30,"column":1}},"line":6},"1":{"name":"(anonymous_1)","decl":{"start":{"line":12,"column":15},"end":{"line":12,"column":16}},"loc":{"start":{"line":12,"column":20},"end":{"line":14,"column":3}},"line":12},"2":{"name":"(anonymous_2)","decl":{"start":{"line":17,"column":15},"end":{"line":17,"column":16}},"loc":{"start":{"line":17,"column":20},"end":{"line":26,"column":3}},"line":17}},"branchMap":{"0":{"loc":{"start":{"line":7,"column":2},"end":{"line":9,"column":3}},"type":"if","locations":[{"start":{"line":7,"column":2},"end":{"line":9,"column":3}},{"start":{},"end":{}}],"line":7},"1":{"loc":{"start":{"line":7,"column":6},"end":{"line":7,"column":47}},"type":"binary-expr","locations":[{"start":{"line":7,"column":6},"end":{"line":7,"column":26}},{"start":{"line":7,"column":30},"end":{"line":7,"column":47}}],"line":7},"2":{"loc":{"start":{"line":13,"column":47},"end":{"line":13,"column":66}},"type":"binary-expr","locations":[{"start":{"line":13,"column":47},"end":{"line":13,"column":60}},{"start":{"line":13,"column":64},"end":{"line":13,"column":66}}],"line":13},"3":{"loc":{"start":{"line":13,"column":76},"end":{"line":13,"column":90}},"type":"binary-expr","locations":[{"start":{"line":13,"column":76},"end":{"line":13,"column":84}},{"start":{"line":13,"column":88},"end":{"line":13,"column":90}}],"line":13},"4":{"loc":{"start":{"line":19,"column":4},"end":{"line":25,"column":5}},"type":"if","locations":[{"start":{"line":19,"column":4},"end":{"line":25,"column":5}},{"start":{"line":23,"column":11},"end":{"line":25,"column":5}}],"line":19},"5":{"loc":{"start":{"line":19,"column":8},"end":{"line":19,"column":41}},"type":"binary-expr","locations":[{"start":{"line":19,"column":8},"end":{"line":19,"column":19}},{"start":{"line":19,"column":23},"end":{"line":19,"column":41}}],"line":19},"6":{"loc":{"start":{"line":21,"column":6},"end":{"line":22,"column":28}},"type":"if","locations":[{"start":{"line":21,"column":6},"end":{"line":22,"column":28}},{"start":{"line":22,"column":11},"end":{"line":22,"column":28}}],"line":21},"7":{"loc":{"start":{"line":28,"column":2},"end":{"line":28,"column":42}},"type":"if","locations":[{"start":{"line":28,"column":2},"end":{"line":28,"column":42}},{"start":{},"end":{}}],"line":28}},"s":{"0":10,"1":1,"2":9,"3":9,"4":48,"5":9,"6":9,"7":48,"8":48,"9":39,"10":39,"11":38,"12":1,"13":9,"14":9,"15":8,"16":1},"f":{"0":10,"1":48,"2":48},"b":{"0":[1,9],"1":[10,10],"2":[48,3],"3":[48,9],"4":[39,9],"5":[48,39],"6":[38,1],"7":[8,1]},"_coverageSchema":"1a1c01bbd47fc00a2c39e90264f33305004495a9","hash":"6cbaa0c6ab232875829af887fee0dc3d63841aed"}
}
