TN:
SF:src\components\HierarchyGraph.vue
FN:17,(anonymous_0)
FN:24,(anonymous_1)
FN:28,(anonymous_2)
FN:46,(anonymous_3)
FN:50,(anonymous_4)
FN:61,(anonymous_5)
FN:61,(anonymous_6)
FN:65,(anonymous_7)
FN:66,(anonymous_8)
FN:66,(anonymous_9)
FN:70,(anonymous_10)
FN:70,(anonymous_11)
FN:103,render
FN:105,(anonymous_13)
FNF:14
FNH:4
FNDA:0,(anonymous_0)
FNDA:0,(anonymous_1)
FNDA:1,(anonymous_2)
FNDA:1,(anonymous_3)
FNDA:4,(anonymous_4)
FNDA:0,(anonymous_5)
FNDA:0,(anonymous_6)
FNDA:0,(anonymous_7)
FNDA:0,(anonymous_8)
FNDA:1,(anonymous_9)
FNDA:0,(anonymous_10)
FNDA:0,(anonymous_11)
FNDA:0,render
FNDA:0,(anonymous_13)
DA:4,2
DA:7,2
DA:15,2
DA:18,0
DA:25,0
DA:29,1
DA:30,1
DA:31,1
DA:32,1
DA:33,1
DA:34,1
DA:41,1
DA:43,0
DA:47,1
DA:48,1
DA:51,4
DA:52,4
DA:53,4
DA:54,4
DA:55,4
DA:56,4
DA:57,4
DA:58,4
DA:61,4
DA:62,4
DA:65,4
DA:66,4
DA:67,1
DA:68,1
DA:70,4
DA:71,0
DA:72,0
DA:77,2
DA:79,2
DA:82,2
DA:83,2
DA:84,2
DA:89,2
DA:93,2
DA:104,0
DA:106,0
DA:109,2
LF:42
LH:35
BRDA:31,0,0,0
BRDA:31,0,1,1
BRDA:33,1,0,1
BRDA:33,1,1,0
BRDA:66,2,0,0
BRDA:66,2,1,0
BRDA:66,3,0,0
BRDA:66,3,1,0
BRDA:66,4,0,0
BRDA:66,4,1,0
BRDA:104,5,0,0
BRDA:104,5,1,0
BRDA:105,6,0,0
BRDA:105,6,1,0
BRDA:106,7,0,0
BRDA:106,7,1,0
BRF:16
BRH:2
end_of_record
TN:
SF:src\utils\hierarchy.js
FN:6,buildHierarchy
FN:12,(anonymous_1)
FN:17,(anonymous_2)
FNF:3
FNH:3
FNDA:6,buildHierarchy
FNDA:20,(anonymous_1)
FNDA:20,(anonymous_2)
DA:7,6
DA:8,1
DA:11,5
DA:12,5
DA:13,20
DA:16,5
DA:17,5
DA:18,20
DA:19,20
DA:20,15
DA:21,15
DA:22,1
DA:24,5
DA:28,5
DA:29,1
LF:15
LH:15
BRDA:7,0,0,1
BRDA:7,0,1,5
BRDA:7,1,0,6
BRDA:7,1,1,6
BRDA:13,2,0,20
BRDA:13,2,1,3
BRDA:13,3,0,20
BRDA:13,3,1,5
BRDA:19,4,0,15
BRDA:19,4,1,5
BRDA:19,5,0,20
BRDA:19,5,1,15
BRDA:21,6,0,14
BRDA:21,6,1,1
BRDA:28,7,0,4
BRDA:28,7,1,1
BRF:16
BRH:16
end_of_record
