TN:
SF:src\components\HierarchyGraph.vue
FN:17,(anonymous_0)
FN:24,(anonymous_1)
FN:28,(anonymous_2)
FN:46,(anonymous_3)
FN:50,(anonymous_4)
FN:61,(anonymous_5)
FN:61,(anonymous_6)
FN:65,(anonymous_7)
FN:66,(anonymous_8)
FN:66,(anonymous_9)
FN:70,(anonymous_10)
FN:70,(anonymous_11)
FN:103,render
FN:105,(anonymous_13)
FNF:14
FNH:4
FNDA:0,(anonymous_0)
FNDA:0,(anonymous_1)
FNDA:4,(anonymous_2)
FNDA:4,(anonymous_3)
FNDA:9,(anonymous_4)
FNDA:0,(anonymous_5)
FNDA:0,(anonymous_6)
FNDA:0,(anonymous_7)
FNDA:0,(anonymous_8)
FNDA:1,(anonymous_9)
FNDA:0,(anonymous_10)
FNDA:0,(anonymous_11)
FNDA:0,render
FNDA:0,(anonymous_13)
DA:4,3
DA:7,3
DA:15,3
DA:18,0
DA:25,0
DA:29,4
DA:30,4
DA:31,3
DA:32,2
DA:33,2
DA:34,2
DA:41,2
DA:43,2
DA:47,4
DA:48,4
DA:51,9
DA:52,9
DA:53,9
DA:54,9
DA:55,9
DA:56,9
DA:57,9
DA:58,9
DA:61,9
DA:62,9
DA:65,9
DA:66,9
DA:67,1
DA:68,1
DA:70,9
DA:71,0
DA:72,0
DA:77,3
DA:79,3
DA:82,3
DA:83,3
DA:84,3
DA:89,3
DA:93,3
DA:104,0
DA:106,0
DA:109,3
LF:42
LH:36
BRDA:31,0,0,1
BRDA:31,0,1,2
BRDA:33,1,0,2
BRDA:33,1,1,0
BRDA:66,2,0,0
BRDA:66,2,1,0
BRDA:66,3,0,0
BRDA:66,3,1,0
BRDA:66,4,0,0
BRDA:66,4,1,0
BRDA:104,5,0,0
BRDA:104,5,1,0
BRDA:105,6,0,0
BRDA:105,6,1,0
BRDA:106,7,0,0
BRDA:106,7,1,0
BRF:16
BRH:3
end_of_record
TN:
SF:src\utils\hierarchy.js
FN:6,buildHierarchy
FN:12,(anonymous_1)
FN:17,(anonymous_2)
FNF:3
FNH:3
FNDA:10,buildHierarchy
FNDA:48,(anonymous_1)
FNDA:48,(anonymous_2)
DA:7,10
DA:8,1
DA:11,9
DA:12,9
DA:13,48
DA:16,9
DA:17,9
DA:18,48
DA:19,48
DA:20,39
DA:21,39
DA:22,1
DA:24,9
DA:28,9
DA:29,1
LF:15
LH:15
BRDA:7,0,0,1
BRDA:7,0,1,9
BRDA:7,1,0,10
BRDA:7,1,1,10
BRDA:13,2,0,48
BRDA:13,2,1,3
BRDA:13,3,0,48
BRDA:13,3,1,9
BRDA:19,4,0,39
BRDA:19,4,1,9
BRDA:19,5,0,48
BRDA:19,5,1,39
BRDA:21,6,0,38
BRDA:21,6,1,1
BRDA:28,7,0,8
BRDA:28,7,1,1
BRF:16
BRH:16
end_of_record
