{"C:\\Users\\TEJAS\\Desktop\\work\\graph-visualizer\\hierarchical-graph-app\\server\\src\\app.js": {"path":"C:\\Users\\TEJAS\\Desktop\\work\\graph-visualizer\\hierarchical-graph-app\\server\\src\\app.js","statementMap":{"0":{"start":{"line":1,"column":16},"end":{"line":1,"column":34}},"1":{"start":{"line":2,"column":13},"end":{"line":2,"column":28}},"2":{"start":{"line":3,"column":19},"end":{"line":3,"column":43}},"3":{"start":{"line":5,"column":12},"end":{"line":5,"column":21}},"4":{"start":{"line":6,"column":0},"end":{"line":6,"column":16}},"5":{"start":{"line":7,"column":0},"end":{"line":7,"column":24}},"6":{"start":{"line":9,"column":0},"end":{"line":9,"column":25}},"7":{"start":{"line":11,"column":0},"end":{"line":11,"column":21}}},"fnMap":{},"branchMap":{},"s":{"0":1,"1":1,"2":1,"3":1,"4":1,"5":1,"6":1,"7":1},"f":{},"b":{},"_coverageSchema":"1a1c01bbd47fc00a2c39e90264f33305004495a9","hash":"31d3a897382c237a93cd98c2bf5073528a8797b8"}
,"C:\\Users\\TEJAS\\Desktop\\work\\graph-visualizer\\hierarchical-graph-app\\server\\src\\routes\\data.js": {"path":"C:\\Users\\TEJAS\\Desktop\\work\\graph-visualizer\\hierarchical-graph-app\\server\\src\\routes\\data.js","statementMap":{"0":{"start":{"line":1,"column":16},"end":{"line":1,"column":34}},"1":{"start":{"line":2,"column":15},"end":{"line":2,"column":31}},"2":{"start":{"line":3,"column":15},"end":{"line":3,"column":45}},"3":{"start":{"line":5,"column":0},"end":{"line":7,"column":3}},"4":{"start":{"line":6,"column":2},"end":{"line":6,"column":19}},"5":{"start":{"line":9,"column":0},"end":{"line":9,"column":24}}},"fnMap":{"0":{"name":"(anonymous_0)","decl":{"start":{"line":5,"column":24},"end":{"line":5,"column":25}},"loc":{"start":{"line":5,"column":38},"end":{"line":7,"column":1}},"line":5}},"branchMap":{},"s":{"0":1,"1":1,"2":1,"3":1,"4":1,"5":1},"f":{"0":1},"b":{},"_coverageSchema":"1a1c01bbd47fc00a2c39e90264f33305004495a9","hash":"af8792c776cc1ae9c884c9957605d25d6ed9ecc7"}
,"C:\\Users\\TEJAS\\Desktop\\work\\graph-visualizer\\hierarchical-graph-app\\server\\src\\utils\\hierarchy.js": {"path":"C:\\Users\\TEJAS\\Desktop\\work\\graph-visualizer\\hierarchical-graph-app\\server\\src\\utils\\hierarchy.js","statementMap":{"0":{"start":{"line":7,"column":2},"end":{"line":9,"column":3}},"1":{"start":{"line":8,"column":4},"end":{"line":8,"column":59}},"2":{"start":{"line":11,"column":14},"end":{"line":11,"column":16}},"3":{"start":{"line":12,"column":2},"end":{"line":14,"column":5}},"4":{"start":{"line":13,"column":4},"end":{"line":13,"column":107}},"5":{"start":{"line":16,"column":16},"end":{"line":16,"column":18}},"6":{"start":{"line":17,"column":2},"end":{"line":26,"column":5}},"7":{"start":{"line":18,"column":17},"end":{"line":18,"column":28}},"8":{"start":{"line":19,"column":4},"end":{"line":25,"column":5}},"9":{"start":{"line":20,"column":21},"end":{"line":20,"column":37}},"10":{"start":{"line":21,"column":6},"end":{"line":22,"column":28}},"11":{"start":{"line":21,"column":18},"end":{"line":21,"column":45}},"12":{"start":{"line":22,"column":11},"end":{"line":22,"column":28}},"13":{"start":{"line":24,"column":6},"end":{"line":24,"column":23}},"14":{"start":{"line":28,"column":2},"end":{"line":28,"column":42}},"15":{"start":{"line":28,"column":26},"end":{"line":28,"column":42}},"16":{"start":{"line":29,"column":2},"end":{"line":29,"column":60}},"17":{"start":{"line":32,"column":0},"end":{"line":32,"column":36}}},"fnMap":{"0":{"name":"buildHierarchy","decl":{"start":{"line":6,"column":9},"end":{"line":6,"column":23}},"loc":{"start":{"line":6,"column":30},"end":{"line":30,"column":1}},"line":6},"1":{"name":"(anonymous_1)","decl":{"start":{"line":12,"column":15},"end":{"line":12,"column":16}},"loc":{"start":{"line":12,"column":20},"end":{"line":14,"column":3}},"line":12},"2":{"name":"(anonymous_2)","decl":{"start":{"line":17,"column":15},"end":{"line":17,"column":16}},"loc":{"start":{"line":17,"column":20},"end":{"line":26,"column":3}},"line":17}},"branchMap":{"0":{"loc":{"start":{"line":7,"column":2},"end":{"line":9,"column":3}},"type":"if","locations":[{"start":{"line":7,"column":2},"end":{"line":9,"column":3}},{"start":{},"end":{}}],"line":7},"1":{"loc":{"start":{"line":7,"column":6},"end":{"line":7,"column":47}},"type":"binary-expr","locations":[{"start":{"line":7,"column":6},"end":{"line":7,"column":26}},{"start":{"line":7,"column":30},"end":{"line":7,"column":47}}],"line":7},"2":{"loc":{"start":{"line":13,"column":47},"end":{"line":13,"column":66}},"type":"binary-expr","locations":[{"start":{"line":13,"column":47},"end":{"line":13,"column":60}},{"start":{"line":13,"column":64},"end":{"line":13,"column":66}}],"line":13},"3":{"loc":{"start":{"line":13,"column":76},"end":{"line":13,"column":90}},"type":"binary-expr","locations":[{"start":{"line":13,"column":76},"end":{"line":13,"column":84}},{"start":{"line":13,"column":88},"end":{"line":13,"column":90}}],"line":13},"4":{"loc":{"start":{"line":19,"column":4},"end":{"line":25,"column":5}},"type":"if","locations":[{"start":{"line":19,"column":4},"end":{"line":25,"column":5}},{"start":{"line":23,"column":11},"end":{"line":25,"column":5}}],"line":19},"5":{"loc":{"start":{"line":19,"column":8},"end":{"line":19,"column":41}},"type":"binary-expr","locations":[{"start":{"line":19,"column":8},"end":{"line":19,"column":19}},{"start":{"line":19,"column":23},"end":{"line":19,"column":41}}],"line":19},"6":{"loc":{"start":{"line":21,"column":6},"end":{"line":22,"column":28}},"type":"if","locations":[{"start":{"line":21,"column":6},"end":{"line":22,"column":28}},{"start":{"line":22,"column":11},"end":{"line":22,"column":28}}],"line":21},"7":{"loc":{"start":{"line":28,"column":2},"end":{"line":28,"column":42}},"type":"if","locations":[{"start":{"line":28,"column":2},"end":{"line":28,"column":42}},{"start":{},"end":{}}],"line":28}},"s":{"0":4,"1":1,"2":3,"3":3,"4":6,"5":3,"6":3,"7":6,"8":6,"9":3,"10":3,"11":2,"12":1,"13":3,"14":3,"15":2,"16":1,"17":1},"f":{"0":4,"1":6,"2":6},"b":{"0":[1,3],"1":[4,4],"2":[6,3],"3":[6,3],"4":[3,3],"5":[6,3],"6":[2,1],"7":[2,1]},"_coverageSchema":"1a1c01bbd47fc00a2c39e90264f33305004495a9","hash":"dadaa75abdd421031861334cd6c7cfe639445353"}
}
