TN:
SF:src\app.js
FNF:0
FNH:0
DA:1,1
DA:2,1
DA:3,1
DA:5,1
DA:6,1
DA:7,1
DA:9,1
DA:11,1
LF:8
LH:8
BRF:0
BRH:0
end_of_record
TN:
SF:src\routes\data.js
FN:5,(anonymous_0)
FNF:1
FNH:1
FNDA:1,(anonymous_0)
DA:1,1
DA:2,1
DA:3,1
DA:5,1
DA:6,1
DA:9,1
LF:6
LH:6
BRF:0
BRH:0
end_of_record
TN:
SF:src\utils\hierarchy.js
FN:6,buildHierarchy
FN:12,(anonymous_1)
FN:17,(anonymous_2)
FNF:3
FNH:3
FNDA:4,buildHierarchy
FNDA:6,(anonymous_1)
FNDA:6,(anonymous_2)
DA:7,4
DA:8,1
DA:11,3
DA:12,3
DA:13,6
DA:16,3
DA:17,3
DA:18,6
DA:19,6
DA:20,3
DA:21,3
DA:22,1
DA:24,3
DA:28,3
DA:29,1
DA:32,1
LF:16
LH:16
BRDA:7,0,0,1
BRDA:7,0,1,3
BRDA:7,1,0,4
BRDA:7,1,1,4
BRDA:13,2,0,6
BRDA:13,2,1,3
BRDA:13,3,0,6
BRDA:13,3,1,3
BRDA:19,4,0,3
BRDA:19,4,1,3
BRDA:19,5,0,6
BRDA:19,5,1,3
BRDA:21,6,0,2
BRDA:21,6,1,1
BRDA:28,7,0,2
BRDA:28,7,1,1
BRF:16
BRH:16
end_of_record
